{"/Users/mac/Documents/oluso-js/src/index.ts": {"path":"/Users/mac/Documents/oluso-js/src/index.ts","statementMap":{"0":{"start":{"line":2,"column":0},"end":{"line":2,"column":48}},"1":{"start":{"line":3,"column":0},"end":{"line":3,"column":45}},"2":{"start":{"line":4,"column":0},"end":{"line":4,"column":42}},"3":{"start":{"line":5,"column":0},"end":{"line":5,"column":54}},"4":{"start":{"line":6,"column":0},"end":{"line":6,"column":63}},"5":{"start":{"line":7,"column":0},"end":{"line":7,"column":41}},"6":{"start":{"line":9,"column":0},"end":{"line":9,"column":24}},"7":{"start":{"line":10,"column":0},"end":{"line":10,"column":35}},"8":{"start":{"line":11,"column":0},"end":{"line":11,"column":32}},"9":{"start":{"line":15,"column":10},"end":{"line":15,"column":66}},"10":{"start":{"line":20,"column":10},"end":{"line":20,"column":43}},"11":{"start":{"line":24,"column":4},"end":{"line":37,"column":6}},"12":{"start":{"line":40,"column":4},"end":{"line":40,"column":74}},"13":{"start":{"line":41,"column":4},"end":{"line":41,"column":63}},"14":{"start":{"line":42,"column":4},"end":{"line":42,"column":72}},"15":{"start":{"line":43,"column":4},"end":{"line":43,"column":68}},"16":{"start":{"line":46,"column":4},"end":{"line":46,"column":34}},"17":{"start":{"line":50,"column":4},"end":{"line":50,"column":46}},"18":{"start":{"line":50,"column":39},"end":{"line":50,"column":46}},"19":{"start":{"line":51,"column":4},"end":{"line":51,"column":41}},"20":{"start":{"line":54,"column":4},"end":{"line":61,"column":7}},"21":{"start":{"line":55,"column":6},"end":{"line":59,"column":9}},"22":{"start":{"line":60,"column":6},"end":{"line":60,"column":30}},"23":{"start":{"line":64,"column":4},"end":{"line":76,"column":7}},"24":{"start":{"line":65,"column":6},"end":{"line":69,"column":9}},"25":{"start":{"line":71,"column":6},"end":{"line":75,"column":7}},"26":{"start":{"line":72,"column":8},"end":{"line":72,"column":33}},"27":{"start":{"line":74,"column":8},"end":{"line":74,"column":78}},"28":{"start":{"line":79,"column":4},"end":{"line":89,"column":7}},"29":{"start":{"line":80,"column":6},"end":{"line":88,"column":9}},"30":{"start":{"line":92,"column":4},"end":{"line":108,"column":5}},"31":{"start":{"line":93,"column":6},"end":{"line":107,"column":7}},"32":{"start":{"line":94,"column":31},"end":{"line":94,"column":56}},"33":{"start":{"line":95,"column":8},"end":{"line":104,"column":9}},"34":{"start":{"line":96,"column":10},"end":{"line":103,"column":13}},"35":{"start":{"line":97,"column":12},"end":{"line":101,"column":15}},"36":{"start":{"line":102,"column":12},"end":{"line":102,"column":36}},"37":{"start":{"line":111,"column":4},"end":{"line":124,"column":5}},"38":{"start":{"line":112,"column":22},"end":{"line":112,"column":40}},"39":{"start":{"line":113,"column":6},"end":{"line":121,"column":7}},"40":{"start":{"line":114,"column":8},"end":{"line":120,"column":11}},"41":{"start":{"line":115,"column":10},"end":{"line":119,"column":13}},"42":{"start":{"line":131,"column":4},"end":{"line":131,"column":50}},"43":{"start":{"line":138,"column":4},"end":{"line":138,"column":45}},"44":{"start":{"line":145,"column":4},"end":{"line":145,"column":53}},"45":{"start":{"line":152,"column":4},"end":{"line":156,"column":5}},"46":{"start":{"line":153,"column":6},"end":{"line":155,"column":7}},"47":{"start":{"line":154,"column":8},"end":{"line":154,"column":42}},"48":{"start":{"line":157,"column":4},"end":{"line":157,"column":35}},"49":{"start":{"line":164,"column":4},"end":{"line":169,"column":6}},"50":{"start":{"line":165,"column":6},"end":{"line":168,"column":8}},"51":{"start":{"line":177,"column":4},"end":{"line":179,"column":5}},"52":{"start":{"line":178,"column":6},"end":{"line":178,"column":31}},"53":{"start":{"line":182,"column":4},"end":{"line":187,"column":5}},"54":{"start":{"line":183,"column":6},"end":{"line":185,"column":7}},"55":{"start":{"line":184,"column":8},"end":{"line":184,"column":72}},"56":{"start":{"line":186,"column":6},"end":{"line":186,"column":31}},"57":{"start":{"line":190,"column":4},"end":{"line":192,"column":5}},"58":{"start":{"line":191,"column":6},"end":{"line":191,"column":38}},"59":{"start":{"line":195,"column":20},"end":{"line":195,"column":52}},"60":{"start":{"line":198,"column":24},"end":{"line":200,"column":43}},"61":{"start":{"line":203,"column":18},"end":{"line":203,"column":48}},"62":{"start":{"line":206,"column":32},"end":{"line":216,"column":6}},"63":{"start":{"line":219,"column":4},"end":{"line":219,"column":35}},"64":{"start":{"line":226,"column":34},"end":{"line":229,"column":6}},"65":{"start":{"line":232,"column":4},"end":{"line":253,"column":5}},"66":{"start":{"line":233,"column":31},"end":{"line":233,"column":72}},"67":{"start":{"line":234,"column":27},"end":{"line":236,"column":19}},"68":{"start":{"line":238,"column":6},"end":{"line":252,"column":8}},"69":{"start":{"line":255,"column":4},"end":{"line":255,"column":19}},"70":{"start":{"line":262,"column":4},"end":{"line":284,"column":5}},"71":{"start":{"line":263,"column":6},"end":{"line":266,"column":9}},"72":{"start":{"line":269,"column":6},"end":{"line":278,"column":7}},"73":{"start":{"line":270,"column":8},"end":{"line":277,"column":11}},"74":{"start":{"line":271,"column":10},"end":{"line":274,"column":12}},"75":{"start":{"line":281,"column":6},"end":{"line":283,"column":7}},"76":{"start":{"line":282,"column":8},"end":{"line":282,"column":42}},"77":{"start":{"line":289,"column":22},"end":{"line":289,"column":57}},"78":{"start":{"line":290,"column":4},"end":{"line":293,"column":5}},"79":{"start":{"line":292,"column":6},"end":{"line":292,"column":86}},"80":{"start":{"line":294,"column":4},"end":{"line":294,"column":45}},"81":{"start":{"line":299,"column":4},"end":{"line":301,"column":5}},"82":{"start":{"line":300,"column":6},"end":{"line":300,"column":37}},"83":{"start":{"line":304,"column":4},"end":{"line":307,"column":5}},"84":{"start":{"line":305,"column":6},"end":{"line":305,"column":51}},"85":{"start":{"line":305,"column":33},"end":{"line":305,"column":51}},"86":{"start":{"line":306,"column":6},"end":{"line":306,"column":47}},"87":{"start":{"line":306,"column":33},"end":{"line":306,"column":47}},"88":{"start":{"line":310,"column":4},"end":{"line":310,"column":52}},"89":{"start":{"line":314,"column":17},"end":{"line":314,"column":47}},"90":{"start":{"line":317,"column":4},"end":{"line":317,"column":38}},"91":{"start":{"line":320,"column":4},"end":{"line":322,"column":5}},"92":{"start":{"line":321,"column":6},"end":{"line":321,"column":43}},"93":{"start":{"line":325,"column":4},"end":{"line":327,"column":5}},"94":{"start":{"line":326,"column":6},"end":{"line":326,"column":54}},"95":{"start":{"line":330,"column":4},"end":{"line":332,"column":5}},"96":{"start":{"line":331,"column":6},"end":{"line":331,"column":48}},"97":{"start":{"line":334,"column":4},"end":{"line":334,"column":16}},"98":{"start":{"line":341,"column":4},"end":{"line":341,"column":31}},"99":{"start":{"line":13,"column":0},"end":{"line":13,"column":13}}},"fnMap":{"0":{"name":"(anonymous_0)","decl":{"start":{"line":22,"column":2},"end":{"line":22,"column":14}},"loc":{"start":{"line":22,"column":35},"end":{"line":47,"column":3}}},"1":{"name":"(anonymous_1)","decl":{"start":{"line":49,"column":10},"end":{"line":49,"column":32}},"loc":{"start":{"line":49,"column":32},"end":{"line":125,"column":3}}},"2":{"name":"(anonymous_2)","decl":{"start":{"line":54,"column":36},"end":{"line":54,"column":37}},"loc":{"start":{"line":54,"column":46},"end":{"line":61,"column":5}}},"3":{"name":"(anonymous_3)","decl":{"start":{"line":64,"column":37},"end":{"line":64,"column":38}},"loc":{"start":{"line":64,"column":48},"end":{"line":76,"column":5}}},"4":{"name":"(anonymous_4)","decl":{"start":{"line":79,"column":26},"end":{"line":79,"column":27}},"loc":{"start":{"line":79,"column":38},"end":{"line":89,"column":5}}},"5":{"name":"(anonymous_5)","decl":{"start":{"line":96,"column":48},"end":{"line":96,"column":49}},"loc":{"start":{"line":96,"column":65},"end":{"line":103,"column":11}}},"6":{"name":"(anonymous_6)","decl":{"start":{"line":114,"column":33},"end":{"line":114,"column":36}},"loc":{"start":{"line":114,"column":38},"end":{"line":120,"column":9}}},"7":{"name":"(anonymous_7)","decl":{"start":{"line":130,"column":9},"end":{"line":130,"column":22}},"loc":{"start":{"line":130,"column":64},"end":{"line":132,"column":3}}},"8":{"name":"(anonymous_8)","decl":{"start":{"line":137,"column":9},"end":{"line":137,"column":23}},"loc":{"start":{"line":137,"column":41},"end":{"line":139,"column":3}}},"9":{"name":"(anonymous_9)","decl":{"start":{"line":144,"column":9},"end":{"line":144,"column":25}},"loc":{"start":{"line":144,"column":49},"end":{"line":146,"column":3}}},"10":{"name":"(anonymous_10)","decl":{"start":{"line":151,"column":9},"end":{"line":151,"column":25}},"loc":{"start":{"line":151,"column":75},"end":{"line":158,"column":3}}},"11":{"name":"(anonymous_11)","decl":{"start":{"line":163,"column":9},"end":{"line":163,"column":14}},"loc":{"start":{"line":163,"column":20},"end":{"line":170,"column":3}}},"12":{"name":"(anonymous_12)","decl":{"start":{"line":164,"column":41},"end":{"line":164,"column":42}},"loc":{"start":{"line":165,"column":6},"end":{"line":168,"column":8}}},"13":{"name":"(anonymous_13)","decl":{"start":{"line":175,"column":9},"end":{"line":175,"column":20}},"loc":{"start":{"line":175,"column":55},"end":{"line":220,"column":3}}},"14":{"name":"(anonymous_14)","decl":{"start":{"line":225,"column":10},"end":{"line":225,"column":27}},"loc":{"start":{"line":225,"column":48},"end":{"line":256,"column":3}}},"15":{"name":"(anonymous_15)","decl":{"start":{"line":261,"column":10},"end":{"line":261,"column":15}},"loc":{"start":{"line":261,"column":46},"end":{"line":285,"column":3}}},"16":{"name":"(anonymous_16)","decl":{"start":{"line":270,"column":39},"end":{"line":270,"column":40}},"loc":{"start":{"line":271,"column":10},"end":{"line":274,"column":12}}},"17":{"name":"(anonymous_17)","decl":{"start":{"line":275,"column":16},"end":{"line":275,"column":19}},"loc":{"start":{"line":275,"column":21},"end":{"line":277,"column":9}}},"18":{"name":"(anonymous_18)","decl":{"start":{"line":287,"column":10},"end":{"line":287,"column":28}},"loc":{"start":{"line":287,"column":41},"end":{"line":295,"column":3}}},"19":{"name":"(anonymous_19)","decl":{"start":{"line":297,"column":10},"end":{"line":297,"column":25}},"loc":{"start":{"line":297,"column":49},"end":{"line":311,"column":3}}},"20":{"name":"(anonymous_20)","decl":{"start":{"line":313,"column":10},"end":{"line":313,"column":22}},"loc":{"start":{"line":313,"column":46},"end":{"line":335,"column":3}}},"21":{"name":"(anonymous_21)","decl":{"start":{"line":340,"column":9},"end":{"line":340,"column":26}},"loc":{"start":{"line":340,"column":26},"end":{"line":342,"column":3}}}},"branchMap":{"0":{"loc":{"start":{"line":50,"column":4},"end":{"line":50,"column":46}},"type":"if","locations":[{"start":{"line":50,"column":4},"end":{"line":50,"column":46}}]},"1":{"loc":{"start":{"line":71,"column":6},"end":{"line":75,"column":7}},"type":"if","locations":[{"start":{"line":71,"column":6},"end":{"line":75,"column":7}},{"start":{"line":73,"column":13},"end":{"line":75,"column":7}}]},"2":{"loc":{"start":{"line":92,"column":4},"end":{"line":108,"column":5}},"type":"if","locations":[{"start":{"line":92,"column":4},"end":{"line":108,"column":5}}]},"3":{"loc":{"start":{"line":95,"column":8},"end":{"line":104,"column":9}},"type":"if","locations":[{"start":{"line":95,"column":8},"end":{"line":104,"column":9}}]},"4":{"loc":{"start":{"line":113,"column":6},"end":{"line":121,"column":7}},"type":"if","locations":[{"start":{"line":113,"column":6},"end":{"line":121,"column":7}}]},"5":{"loc":{"start":{"line":152,"column":4},"end":{"line":156,"column":5}},"type":"if","locations":[{"start":{"line":152,"column":4},"end":{"line":156,"column":5}}]},"6":{"loc":{"start":{"line":177,"column":4},"end":{"line":179,"column":5}},"type":"if","locations":[{"start":{"line":177,"column":4},"end":{"line":179,"column":5}}]},"7":{"loc":{"start":{"line":177,"column":8},"end":{"line":177,"column":80}},"type":"binary-expr","locations":[{"start":{"line":177,"column":8},"end":{"line":177,"column":33}},{"start":{"line":177,"column":37},"end":{"line":177,"column":80}}]},"8":{"loc":{"start":{"line":182,"column":4},"end":{"line":187,"column":5}},"type":"if","locations":[{"start":{"line":182,"column":4},"end":{"line":187,"column":5}}]},"9":{"loc":{"start":{"line":183,"column":6},"end":{"line":185,"column":7}},"type":"if","locations":[{"start":{"line":183,"column":6},"end":{"line":185,"column":7}}]},"10":{"loc":{"start":{"line":190,"column":4},"end":{"line":192,"column":5}},"type":"if","locations":[{"start":{"line":190,"column":4},"end":{"line":192,"column":5}}]},"11":{"loc":{"start":{"line":198,"column":24},"end":{"line":200,"column":43}},"type":"cond-expr","locations":[{"start":{"line":199,"column":8},"end":{"line":199,"column":48}},{"start":{"line":200,"column":8},"end":{"line":200,"column":43}}]},"12":{"loc":{"start":{"line":232,"column":4},"end":{"line":253,"column":5}},"type":"if","locations":[{"start":{"line":232,"column":4},"end":{"line":253,"column":5}}]},"13":{"loc":{"start":{"line":234,"column":27},"end":{"line":236,"column":19}},"type":"cond-expr","locations":[{"start":{"line":235,"column":10},"end":{"line":235,"column":39}},{"start":{"line":236,"column":10},"end":{"line":236,"column":19}}]},"14":{"loc":{"start":{"line":239,"column":13},"end":{"line":239,"column":57}},"type":"binary-expr","locations":[{"start":{"line":239,"column":13},"end":{"line":239,"column":20}},{"start":{"line":239,"column":24},"end":{"line":239,"column":32}},{"start":{"line":239,"column":36},"end":{"line":239,"column":51}},{"start":{"line":239,"column":55},"end":{"line":239,"column":57}}]},"15":{"loc":{"start":{"line":240,"column":16},"end":{"line":240,"column":32}},"type":"binary-expr","locations":[{"start":{"line":240,"column":16},"end":{"line":240,"column":26}},{"start":{"line":240,"column":30},"end":{"line":240,"column":32}}]},"16":{"loc":{"start":{"line":241,"column":17},"end":{"line":243,"column":21}},"type":"cond-expr","locations":[{"start":{"line":242,"column":12},"end":{"line":242,"column":61}},{"start":{"line":243,"column":12},"end":{"line":243,"column":21}}]},"17":{"loc":{"start":{"line":242,"column":43},"end":{"line":242,"column":60}},"type":"binary-expr","locations":[{"start":{"line":242,"column":43},"end":{"line":242,"column":54}},{"start":{"line":242,"column":58},"end":{"line":242,"column":60}}]},"18":{"loc":{"start":{"line":244,"column":15},"end":{"line":244,"column":78}},"type":"cond-expr","locations":[{"start":{"line":244,"column":27},"end":{"line":244,"column":66}},{"start":{"line":244,"column":69},"end":{"line":244,"column":78}}]},"19":{"loc":{"start":{"line":245,"column":14},"end":{"line":247,"column":21}},"type":"cond-expr","locations":[{"start":{"line":246,"column":12},"end":{"line":246,"column":49}},{"start":{"line":247,"column":12},"end":{"line":247,"column":21}}]},"20":{"loc":{"start":{"line":245,"column":14},"end":{"line":245,"column":57}},"type":"binary-expr","locations":[{"start":{"line":245,"column":14},"end":{"line":245,"column":45}},{"start":{"line":245,"column":49},"end":{"line":245,"column":57}}]},"21":{"loc":{"start":{"line":248,"column":16},"end":{"line":248,"column":82}},"type":"cond-expr","locations":[{"start":{"line":248,"column":29},"end":{"line":248,"column":70}},{"start":{"line":248,"column":73},"end":{"line":248,"column":82}}]},"22":{"loc":{"start":{"line":249,"column":12},"end":{"line":249,"column":null}},"type":"binary-expr","locations":[{"start":{"line":249,"column":12},"end":{"line":249,"column":18}},{"start":{"line":249,"column":22},"end":{"line":249,"column":51}}]},"23":{"loc":{"start":{"line":249,"column":22},"end":{"line":249,"column":51}},"type":"cond-expr","locations":[{"start":{"line":249,"column":36},"end":{"line":249,"column":38}},{"start":{"line":249,"column":36},"end":{"line":249,"column":51}}]},"24":{"loc":{"start":{"line":249,"column":22},"end":{"line":249,"column":38}},"type":"binary-expr","locations":[{"start":{"line":249,"column":22},"end":{"line":249,"column":38}},{"start":{"line":249,"column":36},"end":{"line":249,"column":38}}]},"25":{"loc":{"start":{"line":250,"column":19},"end":{"line":250,"column":46}},"type":"cond-expr","locations":[{"start":{"line":250,"column":30},"end":{"line":250,"column":33}},{"start":{"line":250,"column":30},"end":{"line":250,"column":46}}]},"26":{"loc":{"start":{"line":250,"column":19},"end":{"line":250,"column":33}},"type":"binary-expr","locations":[{"start":{"line":250,"column":19},"end":{"line":250,"column":33}},{"start":{"line":250,"column":30},"end":{"line":250,"column":33}}]},"27":{"loc":{"start":{"line":269,"column":6},"end":{"line":278,"column":7}},"type":"if","locations":[{"start":{"line":269,"column":6},"end":{"line":278,"column":7}}]},"28":{"loc":{"start":{"line":269,"column":10},"end":{"line":269,"column":73}},"type":"binary-expr","locations":[{"start":{"line":269,"column":10},"end":{"line":269,"column":41}},{"start":{"line":269,"column":45},"end":{"line":269,"column":73}}]},"29":{"loc":{"start":{"line":281,"column":6},"end":{"line":283,"column":7}},"type":"if","locations":[{"start":{"line":281,"column":6},"end":{"line":283,"column":7}}]},"30":{"loc":{"start":{"line":290,"column":4},"end":{"line":293,"column":5}},"type":"if","locations":[{"start":{"line":290,"column":4},"end":{"line":293,"column":5}}]},"31":{"loc":{"start":{"line":290,"column":8},"end":{"line":290,"column":41}},"type":"binary-expr","locations":[{"start":{"line":290,"column":8},"end":{"line":290,"column":17}},{"start":{"line":290,"column":21},"end":{"line":290,"column":41}}]},"32":{"loc":{"start":{"line":292,"column":13},"end":{"line":292,"column":85}},"type":"cond-expr","locations":[{"start":{"line":292,"column":39},"end":{"line":292,"column":48}},{"start":{"line":292,"column":51},"end":{"line":292,"column":85}}]},"33":{"loc":{"start":{"line":299,"column":4},"end":{"line":301,"column":5}},"type":"if","locations":[{"start":{"line":299,"column":4},"end":{"line":301,"column":5}}]},"34":{"loc":{"start":{"line":304,"column":4},"end":{"line":307,"column":5}},"type":"if","locations":[{"start":{"line":304,"column":4},"end":{"line":307,"column":5}}]},"35":{"loc":{"start":{"line":304,"column":8},"end":{"line":304,"column":29}},"type":"binary-expr","locations":[{"start":{"line":304,"column":8},"end":{"line":304,"column":11}},{"start":{"line":304,"column":15},"end":{"line":304,"column":29}}]},"36":{"loc":{"start":{"line":305,"column":6},"end":{"line":305,"column":51}},"type":"if","locations":[{"start":{"line":305,"column":6},"end":{"line":305,"column":51}}]},"37":{"loc":{"start":{"line":306,"column":6},"end":{"line":306,"column":47}},"type":"if","locations":[{"start":{"line":306,"column":6},"end":{"line":306,"column":47}}]},"38":{"loc":{"start":{"line":310,"column":11},"end":{"line":310,"column":51}},"type":"binary-expr","locations":[{"start":{"line":310,"column":11},"end":{"line":310,"column":39}},{"start":{"line":310,"column":43},"end":{"line":310,"column":51}}]},"39":{"loc":{"start":{"line":314,"column":22},"end":{"line":314,"column":45}},"type":"binary-expr","locations":[{"start":{"line":314,"column":22},"end":{"line":314,"column":39}},{"start":{"line":314,"column":43},"end":{"line":314,"column":45}}]},"40":{"loc":{"start":{"line":320,"column":4},"end":{"line":322,"column":5}},"type":"if","locations":[{"start":{"line":320,"column":4},"end":{"line":322,"column":5}}]},"41":{"loc":{"start":{"line":320,"column":8},"end":{"line":320,"column":42}},"type":"binary-expr","locations":[{"start":{"line":320,"column":8},"end":{"line":320,"column":11}},{"start":{"line":320,"column":15},"end":{"line":320,"column":24}},{"start":{"line":320,"column":28},"end":{"line":320,"column":42}}]},"42":{"loc":{"start":{"line":325,"column":4},"end":{"line":327,"column":5}},"type":"if","locations":[{"start":{"line":325,"column":4},"end":{"line":327,"column":5}}]},"43":{"loc":{"start":{"line":325,"column":8},"end":{"line":325,"column":25}},"type":"binary-expr","locations":[{"start":{"line":325,"column":8},"end":{"line":325,"column":11}},{"start":{"line":325,"column":15},"end":{"line":325,"column":25}}]},"44":{"loc":{"start":{"line":330,"column":4},"end":{"line":332,"column":5}},"type":"if","locations":[{"start":{"line":330,"column":4},"end":{"line":332,"column":5}}]},"45":{"loc":{"start":{"line":330,"column":8},"end":{"line":330,"column":44}},"type":"binary-expr","locations":[{"start":{"line":330,"column":8},"end":{"line":330,"column":11}},{"start":{"line":330,"column":15},"end":{"line":330,"column":22}},{"start":{"line":330,"column":26},"end":{"line":330,"column":44}}]}},"s":{"0":3,"1":3,"2":3,"3":3,"4":3,"5":3,"6":3,"7":3,"8":3,"9":11,"10":11,"11":11,"12":11,"13":11,"14":11,"15":11,"16":11,"17":11,"18":0,"19":11,"20":11,"21":0,"22":0,"23":11,"24":0,"25":0,"26":0,"27":0,"28":11,"29":0,"30":11,"31":11,"32":11,"33":11,"34":0,"35":0,"36":0,"37":11,"38":11,"39":11,"40":0,"41":0,"42":7,"43":0,"44":0,"45":0,"46":0,"47":0,"48":0,"49":0,"50":0,"51":11,"52":1,"53":10,"54":0,"55":0,"56":0,"57":10,"58":0,"59":10,"60":10,"61":10,"62":10,"63":10,"64":10,"65":10,"66":4,"67":4,"68":4,"69":10,"70":10,"71":10,"72":10,"73":0,"74":0,"75":0,"76":0,"77":10,"78":10,"79":10,"80":0,"81":10,"82":5,"83":5,"84":0,"85":0,"86":0,"87":0,"88":5,"89":10,"90":10,"91":10,"92":0,"93":10,"94":4,"95":10,"96":0,"97":10,"98":4,"99":3},"f":{"0":11,"1":11,"2":0,"3":0,"4":0,"5":0,"6":0,"7":7,"8":0,"9":0,"10":0,"11":0,"12":0,"13":11,"14":10,"15":10,"16":0,"17":0,"18":10,"19":10,"20":10,"21":4},"b":{"0":[0],"1":[0,0],"2":[11],"3":[0],"4":[0],"5":[0],"6":[1],"7":[11,2],"8":[0],"9":[0],"10":[0],"11":[0,10],"12":[4],"13":[0,4],"14":[4,2,0,0],"15":[4,0],"16":[4,0],"17":[4,2],"18":[2,2],"19":[0,4],"20":[4,4],"21":[0,4],"22":[4,4],"23":[4,0],"24":[4,4],"25":[2,2],"26":[4,4],"27":[0],"28":[10,10],"29":[0],"30":[10],"31":[10,10],"32":[10,0],"33":[5],"34":[0],"35":[5,0],"36":[0],"37":[0],"38":[5,0],"39":[10,10],"40":[0],"41":[10,4,0],"42":[4],"43":[10,4],"44":[0],"45":[10,4,0]}}
,"/Users/mac/Documents/oluso-js/src/adapters/express.ts": {"path":"/Users/mac/Documents/oluso-js/src/adapters/express.ts","statementMap":{"0":{"start":{"line":17,"column":0},"end":{"line":17,"column":16}},"1":{"start":{"line":1,"column":0},"end":{"line":1,"column":33}},"2":{"start":{"line":18,"column":16},"end":{"line":18,"column":34}},"3":{"start":{"line":19,"column":25},"end":{"line":19,"column":50}},"4":{"start":{"line":22,"column":2},"end":{"line":47,"column":4}},"5":{"start":{"line":29,"column":27},"end":{"line":29,"column":49}},"6":{"start":{"line":31,"column":4},"end":{"line":46,"column":5}},"7":{"start":{"line":33,"column":20},"end":{"line":33,"column":32}},"8":{"start":{"line":34,"column":22},"end":{"line":34,"column":36}},"9":{"start":{"line":35,"column":23},"end":{"line":35,"column":38}},"10":{"start":{"line":36,"column":21},"end":{"line":36,"column":41}},"11":{"start":{"line":38,"column":6},"end":{"line":38,"column":84}},"12":{"start":{"line":41,"column":22},"end":{"line":41,"column":43}},"13":{"start":{"line":42,"column":23},"end":{"line":42,"column":45}},"14":{"start":{"line":43,"column":21},"end":{"line":43,"column":47}},"15":{"start":{"line":45,"column":6},"end":{"line":45,"column":70}},"16":{"start":{"line":61,"column":2},"end":{"line":135,"column":5}},"17":{"start":{"line":63,"column":4},"end":{"line":63,"column":51}},"18":{"start":{"line":66,"column":4},"end":{"line":75,"column":7}},"19":{"start":{"line":78,"column":25},"end":{"line":78,"column":33}},"20":{"start":{"line":79,"column":25},"end":{"line":79,"column":33}},"21":{"start":{"line":80,"column":24},"end":{"line":80,"column":31}},"22":{"start":{"line":83,"column":24},"end":{"line":83,"column":29}},"23":{"start":{"line":86,"column":4},"end":{"line":94,"column":6}},"24":{"start":{"line":87,"column":6},"end":{"line":92,"column":7}},"25":{"start":{"line":88,"column":8},"end":{"line":88,"column":29}},"26":{"start":{"line":89,"column":28},"end":{"line":89,"column":100}},"27":{"start":{"line":90,"column":9},"end":{"line":90,"column":51}},"28":{"start":{"line":91,"column":8},"end":{"line":91,"column":49}},"29":{"start":{"line":93,"column":6},"end":{"line":93,"column":43}},"30":{"start":{"line":97,"column":4},"end":{"line":105,"column":6}},"31":{"start":{"line":98,"column":6},"end":{"line":103,"column":7}},"32":{"start":{"line":99,"column":8},"end":{"line":99,"column":29}},"33":{"start":{"line":100,"column":28},"end":{"line":100,"column":100}},"34":{"start":{"line":101,"column":9},"end":{"line":101,"column":51}},"35":{"start":{"line":102,"column":8},"end":{"line":102,"column":49}},"36":{"start":{"line":104,"column":6},"end":{"line":104,"column":43}},"37":{"start":{"line":108,"column":4},"end":{"line":116,"column":6}},"38":{"start":{"line":109,"column":6},"end":{"line":114,"column":7}},"39":{"start":{"line":110,"column":8},"end":{"line":110,"column":29}},"40":{"start":{"line":111,"column":28},"end":{"line":111,"column":100}},"41":{"start":{"line":112,"column":9},"end":{"line":112,"column":51}},"42":{"start":{"line":113,"column":8},"end":{"line":113,"column":49}},"43":{"start":{"line":115,"column":6},"end":{"line":115,"column":50}},"44":{"start":{"line":119,"column":4},"end":{"line":132,"column":7}},"45":{"start":{"line":120,"column":24},"end":{"line":120,"column":60}},"46":{"start":{"line":121,"column":23},"end":{"line":121,"column":61}},"47":{"start":{"line":123,"column":6},"end":{"line":131,"column":9}},"48":{"start":{"line":134,"column":4},"end":{"line":134,"column":11}},"49":{"start":{"line":151,"column":21},"end":{"line":151,"column":66}},"50":{"start":{"line":152,"column":57},"end":{"line":152,"column":92}},"51":{"start":{"line":154,"column":2},"end":{"line":158,"column":3}},"52":{"start":{"line":155,"column":4},"end":{"line":155,"column":26}},"53":{"start":{"line":156,"column":9},"end":{"line":158,"column":3}},"54":{"start":{"line":157,"column":4},"end":{"line":157,"column":22}},"55":{"start":{"line":161,"column":2},"end":{"line":163,"column":3}},"56":{"start":{"line":162,"column":4},"end":{"line":162,"column":27}},"57":{"start":{"line":166,"column":3},"end":{"line":166,"column":35}},"58":{"start":{"line":169,"column":2},"end":{"line":177,"column":5}},"59":{"start":{"line":180,"column":2},"end":{"line":180,"column":35}},"60":{"start":{"line":183,"column":2},"end":{"line":183,"column":12}}},"fnMap":{"0":{"name":"olusoExpress","decl":{"start":{"line":17,"column":16},"end":{"line":17,"column":28}},"loc":{"start":{"line":17,"column":50},"end":{"line":48,"column":1}}},"1":{"name":"olusoMiddleware","decl":{"start":{"line":22,"column":18},"end":{"line":22,"column":33}},"loc":{"start":{"line":26,"column":23},"end":{"line":47,"column":3}}},"2":{"name":"handleRequest","decl":{"start":{"line":53,"column":9},"end":{"line":53,"column":22}},"loc":{"start":{"line":58,"column":20},"end":{"line":136,"column":1}}},"3":{"name":"(anonymous_3)","decl":{"start":{"line":61,"column":21},"end":{"line":61,"column":24}},"loc":{"start":{"line":61,"column":26},"end":{"line":135,"column":3}}},"4":{"name":"(anonymous_4)","decl":{"start":{"line":86,"column":15},"end":{"line":86,"column":25}},"loc":{"start":{"line":86,"column":35},"end":{"line":94,"column":5}}},"5":{"name":"(anonymous_5)","decl":{"start":{"line":97,"column":15},"end":{"line":97,"column":25}},"loc":{"start":{"line":97,"column":35},"end":{"line":105,"column":5}}},"6":{"name":"(anonymous_6)","decl":{"start":{"line":108,"column":14},"end":{"line":108,"column":24}},"loc":{"start":{"line":108,"column":38},"end":{"line":116,"column":5}}},"7":{"name":"(anonymous_7)","decl":{"start":{"line":119,"column":21},"end":{"line":119,"column":24}},"loc":{"start":{"line":119,"column":26},"end":{"line":132,"column":5}}},"8":{"name":"handleError","decl":{"start":{"line":141,"column":9},"end":{"line":141,"column":20}},"loc":{"start":{"line":148,"column":23},"end":{"line":184,"column":1}}}},"branchMap":{"0":{"loc":{"start":{"line":31,"column":4},"end":{"line":46,"column":5}},"type":"if","locations":[{"start":{"line":31,"column":4},"end":{"line":46,"column":5}},{"start":{"line":39,"column":11},"end":{"line":46,"column":5}}]},"1":{"loc":{"start":{"line":87,"column":6},"end":{"line":92,"column":7}},"type":"if","locations":[{"start":{"line":87,"column":6},"end":{"line":92,"column":7}}]},"2":{"loc":{"start":{"line":87,"column":10},"end":{"line":87,"column":49}},"type":"binary-expr","locations":[{"start":{"line":87,"column":10},"end":{"line":87,"column":31}},{"start":{"line":87,"column":35},"end":{"line":87,"column":49}}]},"3":{"loc":{"start":{"line":98,"column":6},"end":{"line":103,"column":7}},"type":"if","locations":[{"start":{"line":98,"column":6},"end":{"line":103,"column":7}}]},"4":{"loc":{"start":{"line":98,"column":10},"end":{"line":98,"column":49}},"type":"binary-expr","locations":[{"start":{"line":98,"column":10},"end":{"line":98,"column":31}},{"start":{"line":98,"column":35},"end":{"line":98,"column":49}}]},"5":{"loc":{"start":{"line":109,"column":6},"end":{"line":114,"column":7}},"type":"if","locations":[{"start":{"line":109,"column":6},"end":{"line":114,"column":7}}]},"6":{"loc":{"start":{"line":109,"column":10},"end":{"line":109,"column":49}},"type":"binary-expr","locations":[{"start":{"line":109,"column":10},"end":{"line":109,"column":31}},{"start":{"line":109,"column":35},"end":{"line":109,"column":49}}]},"7":{"loc":{"start":{"line":121,"column":23},"end":{"line":121,"column":61}},"type":"cond-expr","locations":[{"start":{"line":121,"column":35},"end":{"line":121,"column":57}},{"start":{"line":121,"column":60},"end":{"line":121,"column":61}}]},"8":{"loc":{"start":{"line":125,"column":15},"end":{"line":125,"column":55}},"type":"cond-expr","locations":[{"start":{"line":125,"column":39},"end":{"line":125,"column":46}},{"start":{"line":125,"column":49},"end":{"line":125,"column":55}}]},"9":{"loc":{"start":{"line":151,"column":21},"end":{"line":151,"column":66}},"type":"cond-expr","locations":[{"start":{"line":151,"column":46},"end":{"line":151,"column":60}},{"start":{"line":151,"column":63},"end":{"line":151,"column":66}}]},"10":{"loc":{"start":{"line":152,"column":57},"end":{"line":152,"column":92}},"type":"binary-expr","locations":[{"start":{"line":152,"column":57},"end":{"line":152,"column":80}},{"start":{"line":152,"column":84},"end":{"line":152,"column":92}}]},"11":{"loc":{"start":{"line":154,"column":2},"end":{"line":158,"column":3}},"type":"if","locations":[{"start":{"line":154,"column":2},"end":{"line":158,"column":3}},{"start":{"line":156,"column":9},"end":{"line":158,"column":3}}]},"12":{"loc":{"start":{"line":156,"column":9},"end":{"line":158,"column":3}},"type":"if","locations":[{"start":{"line":156,"column":9},"end":{"line":158,"column":3}}]},"13":{"loc":{"start":{"line":161,"column":2},"end":{"line":163,"column":3}},"type":"if","locations":[{"start":{"line":161,"column":2},"end":{"line":163,"column":3}}]}},"s":{"0":3,"1":3,"2":3,"3":3,"4":3,"5":3,"6":3,"7":1,"8":1,"9":1,"10":1,"11":1,"12":2,"13":2,"14":2,"15":2,"16":2,"17":2,"18":2,"19":2,"20":2,"21":2,"22":2,"23":2,"24":1,"25":0,"26":0,"27":0,"28":0,"29":1,"30":2,"31":1,"32":1,"33":1,"34":1,"35":1,"36":1,"37":2,"38":0,"39":0,"40":0,"41":0,"42":0,"43":0,"44":2,"45":0,"46":0,"47":0,"48":2,"49":1,"50":1,"51":1,"52":1,"53":0,"54":0,"55":1,"56":1,"57":1,"58":1,"59":1,"60":1},"f":{"0":3,"1":3,"2":2,"3":2,"4":1,"5":1,"6":0,"7":0,"8":1},"b":{"0":[1,2],"1":[0],"2":[1,0],"3":[1],"4":[1,1],"5":[0],"6":[0,0],"7":[0,0],"8":[0,0],"9":[0,1],"10":[1,1],"11":[1,0],"12":[0],"13":[1]}}
,"/Users/mac/Documents/oluso-js/src/adapters/nest.ts": {"path":"/Users/mac/Documents/oluso-js/src/adapters/nest.ts","statementMap":{"0":{"start":{"line":27,"column":0},"end":{"line":27,"column":16}},"1":{"start":{"line":187,"column":33},"end":{"line":187,"column":55}},"2":{"start":{"line":1,"column":0},"end":{"line":1,"column":33}},"3":{"start":{"line":30,"column":59},"end":{"line":30,"column":84}},"4":{"start":{"line":31,"column":16},"end":{"line":31,"column":34}},"5":{"start":{"line":33,"column":3},"end":{"line":34,"column":null}},"6":{"start":{"line":37,"column":26},"end":{"line":37,"column":40}},"7":{"start":{"line":40,"column":6},"end":{"line":52,"column":7}},"8":{"start":{"line":42,"column":10},"end":{"line":42,"column":52}},"9":{"start":{"line":43,"column":10},"end":{"line":43,"column":16}},"10":{"start":{"line":45,"column":10},"end":{"line":45,"column":51}},"11":{"start":{"line":46,"column":10},"end":{"line":46,"column":16}},"12":{"start":{"line":48,"column":10},"end":{"line":48,"column":50}},"13":{"start":{"line":49,"column":10},"end":{"line":49,"column":16}},"14":{"start":{"line":51,"column":10},"end":{"line":51,"column":55}},"15":{"start":{"line":59,"column":18},"end":{"line":59,"column":37}},"16":{"start":{"line":60,"column":22},"end":{"line":60,"column":38}},"17":{"start":{"line":61,"column":23},"end":{"line":61,"column":40}},"18":{"start":{"line":64,"column":21},"end":{"line":66,"column":106}},"19":{"start":{"line":68,"column":20},"end":{"line":70,"column":38}},"20":{"start":{"line":73,"column":61},"end":{"line":73,"column":69}},"21":{"start":{"line":74,"column":6},"end":{"line":78,"column":7}},"22":{"start":{"line":75,"column":8},"end":{"line":75,"column":30}},"23":{"start":{"line":76,"column":13},"end":{"line":78,"column":7}},"24":{"start":{"line":77,"column":8},"end":{"line":77,"column":26}},"25":{"start":{"line":80,"column":7},"end":{"line":80,"column":41}},"26":{"start":{"line":83,"column":6},"end":{"line":92,"column":9}},"27":{"start":{"line":95,"column":6},"end":{"line":95,"column":50}},"28":{"start":{"line":98,"column":28},"end":{"line":105,"column":8}},"29":{"start":{"line":107,"column":6},"end":{"line":107,"column":50}},"30":{"start":{"line":114,"column":20},"end":{"line":116,"column":38}},"31":{"start":{"line":118,"column":7},"end":{"line":118,"column":39}},"32":{"start":{"line":120,"column":6},"end":{"line":124,"column":9}},"33":{"start":{"line":126,"column":6},"end":{"line":126,"column":31}},"34":{"start":{"line":129,"column":6},"end":{"line":129,"column":22}},"35":{"start":{"line":136,"column":21},"end":{"line":136,"column":50}},"36":{"start":{"line":137,"column":19},"end":{"line":137,"column":46}},"37":{"start":{"line":139,"column":20},"end":{"line":141,"column":38}},"38":{"start":{"line":143,"column":7},"end":{"line":143,"column":39}},"39":{"start":{"line":145,"column":6},"end":{"line":152,"column":9}},"40":{"start":{"line":154,"column":6},"end":{"line":154,"column":31}},"41":{"start":{"line":157,"column":6},"end":{"line":160,"column":9}},"42":{"start":{"line":167,"column":20},"end":{"line":169,"column":38}},"43":{"start":{"line":171,"column":7},"end":{"line":171,"column":43}},"44":{"start":{"line":173,"column":6},"end":{"line":177,"column":9}},"45":{"start":{"line":179,"column":6},"end":{"line":179,"column":31}},"46":{"start":{"line":35,"column":2},"end":{"line":35,"column":8}},"47":{"start":{"line":35,"column":8},"end":{"line":35,"column":19}},"48":{"start":{"line":183,"column":2},"end":{"line":183,"column":21}}},"fnMap":{"0":{"name":"OlusoExceptionFilter","decl":{"start":{"line":27,"column":16},"end":{"line":27,"column":36}},"loc":{"start":{"line":27,"column":58},"end":{"line":184,"column":1}}},"1":{"name":"(anonymous_2)","decl":{"start":{"line":36,"column":4},"end":{"line":36,"column":9}},"loc":{"start":{"line":36,"column":49},"end":{"line":53,"column":5}}},"2":{"name":"(anonymous_3)","decl":{"start":{"line":58,"column":4},"end":{"line":58,"column":23}},"loc":{"start":{"line":58,"column":63},"end":{"line":108,"column":5}}},"3":{"name":"(anonymous_4)","decl":{"start":{"line":113,"column":4},"end":{"line":113,"column":22}},"loc":{"start":{"line":113,"column":62},"end":{"line":130,"column":5}}},"4":{"name":"(anonymous_5)","decl":{"start":{"line":135,"column":4},"end":{"line":135,"column":21}},"loc":{"start":{"line":135,"column":61},"end":{"line":161,"column":5}}},"5":{"name":"(anonymous_6)","decl":{"start":{"line":166,"column":4},"end":{"line":166,"column":26}},"loc":{"start":{"line":166,"column":66},"end":{"line":180,"column":5}}}},"branchMap":{"0":{"loc":{"start":{"line":40,"column":6},"end":{"line":52,"column":7}},"type":"switch","locations":[{"start":{"line":41,"column":8},"end":{"line":43,"column":16}},{"start":{"line":44,"column":8},"end":{"line":46,"column":16}},{"start":{"line":47,"column":8},"end":{"line":49,"column":16}},{"start":{"line":50,"column":8},"end":{"line":51,"column":55}}]},"1":{"loc":{"start":{"line":64,"column":21},"end":{"line":66,"column":106}},"type":"cond-expr","locations":[{"start":{"line":65,"column":11},"end":{"line":65,"column":40}},{"start":{"line":66,"column":10},"end":{"line":66,"column":106}}]},"2":{"loc":{"start":{"line":66,"column":10},"end":{"line":66,"column":106}},"type":"binary-expr","locations":[{"start":{"line":66,"column":11},"end":{"line":66,"column":36}},{"start":{"line":66,"column":41},"end":{"line":66,"column":70}},{"start":{"line":66,"column":74},"end":{"line":66,"column":106}}]},"3":{"loc":{"start":{"line":66,"column":11},"end":{"line":66,"column":36}},"type":"cond-expr","locations":[{"start":{"line":66,"column":20},"end":{"line":66,"column":28}},{"start":{"line":66,"column":11},"end":{"line":66,"column":36}}]},"4":{"loc":{"start":{"line":66,"column":11},"end":{"line":66,"column":28}},"type":"binary-expr","locations":[{"start":{"line":66,"column":11},"end":{"line":66,"column":30}},{"start":{"line":66,"column":11},"end":{"line":66,"column":28}}]},"5":{"loc":{"start":{"line":66,"column":41},"end":{"line":66,"column":70}},"type":"cond-expr","locations":[{"start":{"line":66,"column":50},"end":{"line":66,"column":58}},{"start":{"line":66,"column":41},"end":{"line":66,"column":70}}]},"6":{"loc":{"start":{"line":66,"column":41},"end":{"line":66,"column":58}},"type":"binary-expr","locations":[{"start":{"line":66,"column":41},"end":{"line":66,"column":60}},{"start":{"line":66,"column":41},"end":{"line":66,"column":58}}]},"7":{"loc":{"start":{"line":68,"column":20},"end":{"line":70,"column":38}},"type":"cond-expr","locations":[{"start":{"line":69,"column":10},"end":{"line":69,"column":19}},{"start":{"line":70,"column":10},"end":{"line":70,"column":38}}]},"8":{"loc":{"start":{"line":74,"column":6},"end":{"line":78,"column":7}},"type":"if","locations":[{"start":{"line":74,"column":6},"end":{"line":78,"column":7}},{"start":{"line":76,"column":13},"end":{"line":78,"column":7}}]},"9":{"loc":{"start":{"line":76,"column":13},"end":{"line":78,"column":7}},"type":"if","locations":[{"start":{"line":76,"column":13},"end":{"line":78,"column":7}}]},"10":{"loc":{"start":{"line":102,"column":17},"end":{"line":104,"column":66}},"type":"cond-expr","locations":[{"start":{"line":103,"column":13},"end":{"line":103,"column":44}},{"start":{"line":104,"column":12},"end":{"line":104,"column":66}}]},"11":{"loc":{"start":{"line":104,"column":12},"end":{"line":104,"column":66}},"type":"binary-expr","locations":[{"start":{"line":104,"column":13},"end":{"line":104,"column":39}},{"start":{"line":104,"column":43},"end":{"line":104,"column":66}}]},"12":{"loc":{"start":{"line":104,"column":13},"end":{"line":104,"column":39}},"type":"cond-expr","locations":[{"start":{"line":104,"column":22},"end":{"line":104,"column":30}},{"start":{"line":104,"column":13},"end":{"line":104,"column":39}}]},"13":{"loc":{"start":{"line":104,"column":13},"end":{"line":104,"column":30}},"type":"binary-expr","locations":[{"start":{"line":104,"column":13},"end":{"line":104,"column":32}},{"start":{"line":104,"column":13},"end":{"line":104,"column":30}}]},"14":{"loc":{"start":{"line":114,"column":20},"end":{"line":116,"column":38}},"type":"cond-expr","locations":[{"start":{"line":115,"column":10},"end":{"line":115,"column":19}},{"start":{"line":116,"column":10},"end":{"line":116,"column":38}}]},"15":{"loc":{"start":{"line":139,"column":20},"end":{"line":141,"column":38}},"type":"cond-expr","locations":[{"start":{"line":140,"column":10},"end":{"line":140,"column":19}},{"start":{"line":141,"column":10},"end":{"line":141,"column":38}}]},"16":{"loc":{"start":{"line":150,"column":17},"end":{"line":150,"column":28}},"type":"cond-expr","locations":[{"start":{"line":150,"column":21},"end":{"line":150,"column":23}},{"start":{"line":150,"column":17},"end":{"line":150,"column":28}}]},"17":{"loc":{"start":{"line":150,"column":17},"end":{"line":150,"column":23}},"type":"binary-expr","locations":[{"start":{"line":150,"column":17},"end":{"line":150,"column":23}},{"start":{"line":150,"column":17},"end":{"line":150,"column":23}}]},"18":{"loc":{"start":{"line":167,"column":20},"end":{"line":169,"column":38}},"type":"cond-expr","locations":[{"start":{"line":168,"column":10},"end":{"line":168,"column":19}},{"start":{"line":169,"column":10},"end":{"line":169,"column":38}}]}},"s":{"0":3,"1":3,"2":3,"3":3,"4":3,"5":3,"6":3,"7":3,"8":2,"9":2,"10":1,"11":0,"12":0,"13":0,"14":0,"15":2,"16":2,"17":2,"18":2,"19":2,"20":2,"21":2,"22":1,"23":1,"24":1,"25":2,"26":2,"27":2,"28":2,"29":2,"30":1,"31":1,"32":1,"33":1,"34":1,"35":0,"36":0,"37":0,"38":0,"39":0,"40":0,"41":0,"42":0,"43":0,"44":0,"45":0,"46":3,"47":3,"48":3},"f":{"0":3,"1":3,"2":2,"3":1,"4":0,"5":0},"b":{"0":[2,1,0,0],"1":[1,1],"2":[1,1,1],"3":[0,1],"4":[1,1],"5":[0,1],"6":[1,1],"7":[2,0],"8":[1,1],"9":[1],"10":[1,1],"11":[1,0],"12":[0,1],"13":[1,1],"14":[1,0],"15":[0,0],"16":[0,0],"17":[0,0],"18":[0,0]}}
,"/Users/mac/Documents/oluso-js/src/utils/context.ts": {"path":"/Users/mac/Documents/oluso-js/src/utils/context.ts","statementMap":{"0":{"start":{"line":1,"column":0},"end":{"line":1,"column":48}},"1":{"start":{"line":16,"column":8},"end":{"line":16,"column":60}},"2":{"start":{"line":17,"column":8},"end":{"line":17,"column":45}},"3":{"start":{"line":24,"column":41},"end":{"line":27,"column":10}},"4":{"start":{"line":28,"column":8},"end":{"line":28,"column":55}},"5":{"start":{"line":35,"column":22},"end":{"line":35,"column":45}},"6":{"start":{"line":36,"column":8},"end":{"line":36,"column":27}},"7":{"start":{"line":36,"column":20},"end":{"line":36,"column":27}},"8":{"start":{"line":38,"column":43},"end":{"line":41,"column":10}},"9":{"start":{"line":43,"column":8},"end":{"line":43,"column":47}},"10":{"start":{"line":46,"column":8},"end":{"line":48,"column":9}},"11":{"start":{"line":47,"column":12},"end":{"line":47,"column":38}},"12":{"start":{"line":55,"column":22},"end":{"line":55,"column":45}},"13":{"start":{"line":56,"column":8},"end":{"line":56,"column":27}},"14":{"start":{"line":56,"column":20},"end":{"line":56,"column":27}},"15":{"start":{"line":57,"column":8},"end":{"line":57,"column":33}},"16":{"start":{"line":64,"column":22},"end":{"line":64,"column":45}},"17":{"start":{"line":65,"column":8},"end":{"line":65,"column":27}},"18":{"start":{"line":65,"column":20},"end":{"line":65,"column":27}},"19":{"start":{"line":66,"column":8},"end":{"line":66,"column":41}},"20":{"start":{"line":73,"column":22},"end":{"line":73,"column":45}},"21":{"start":{"line":74,"column":8},"end":{"line":74,"column":27}},"22":{"start":{"line":74,"column":20},"end":{"line":74,"column":27}},"23":{"start":{"line":75,"column":8},"end":{"line":75,"column":38}},"24":{"start":{"line":82,"column":22},"end":{"line":82,"column":45}},"25":{"start":{"line":83,"column":8},"end":{"line":83,"column":39}},"26":{"start":{"line":90,"column":22},"end":{"line":90,"column":45}},"27":{"start":{"line":91,"column":8},"end":{"line":91,"column":40}},"28":{"start":{"line":98,"column":22},"end":{"line":98,"column":45}},"29":{"start":{"line":99,"column":8},"end":{"line":99,"column":34}},"30":{"start":{"line":106,"column":22},"end":{"line":106,"column":45}},"31":{"start":{"line":107,"column":8},"end":{"line":107,"column":42}},"32":{"start":{"line":114,"column":22},"end":{"line":114,"column":45}},"33":{"start":{"line":115,"column":8},"end":{"line":115,"column":30}},"34":{"start":{"line":115,"column":20},"end":{"line":115,"column":30}},"35":{"start":{"line":117,"column":8},"end":{"line":121,"column":10}},"36":{"start":{"line":128,"column":22},"end":{"line":128,"column":45}},"37":{"start":{"line":129,"column":8},"end":{"line":129,"column":27}},"38":{"start":{"line":129,"column":20},"end":{"line":129,"column":27}},"39":{"start":{"line":131,"column":8},"end":{"line":131,"column":31}},"40":{"start":{"line":132,"column":8},"end":{"line":132,"column":38}},"41":{"start":{"line":133,"column":8},"end":{"line":133,"column":33}},"42":{"start":{"line":134,"column":8},"end":{"line":134,"column":43}},"43":{"start":{"line":138,"column":0},"end":{"line":138,"column":30}}},"fnMap":{"0":{"name":"(anonymous_0)","decl":{"start":{"line":15,"column":4},"end":{"line":15,"column":16}},"loc":{"start":{"line":15,"column":43},"end":{"line":18,"column":5}}},"1":{"name":"(anonymous_1)","decl":{"start":{"line":23,"column":4},"end":{"line":23,"column":7}},"loc":{"start":{"line":23,"column":28},"end":{"line":29,"column":5}}},"2":{"name":"(anonymous_2)","decl":{"start":{"line":34,"column":4},"end":{"line":34,"column":17}},"loc":{"start":{"line":34,"column":59},"end":{"line":49,"column":5}}},"3":{"name":"(anonymous_3)","decl":{"start":{"line":54,"column":4},"end":{"line":54,"column":18}},"loc":{"start":{"line":54,"column":36},"end":{"line":58,"column":5}}},"4":{"name":"(anonymous_4)","decl":{"start":{"line":63,"column":4},"end":{"line":63,"column":20}},"loc":{"start":{"line":63,"column":44},"end":{"line":67,"column":5}}},"5":{"name":"(anonymous_5)","decl":{"start":{"line":72,"column":4},"end":{"line":72,"column":23}},"loc":{"start":{"line":72,"column":36},"end":{"line":76,"column":5}}},"6":{"name":"(anonymous_6)","decl":{"start":{"line":81,"column":4},"end":{"line":81,"column":23}},"loc":{"start":{"line":81,"column":23},"end":{"line":84,"column":5}}},"7":{"name":"(anonymous_7)","decl":{"start":{"line":89,"column":4},"end":{"line":89,"column":18}},"loc":{"start":{"line":89,"column":18},"end":{"line":92,"column":5}}},"8":{"name":"(anonymous_8)","decl":{"start":{"line":97,"column":4},"end":{"line":97,"column":18}},"loc":{"start":{"line":97,"column":18},"end":{"line":100,"column":5}}},"9":{"name":"(anonymous_9)","decl":{"start":{"line":105,"column":4},"end":{"line":105,"column":20}},"loc":{"start":{"line":105,"column":20},"end":{"line":108,"column":5}}},"10":{"name":"(anonymous_10)","decl":{"start":{"line":113,"column":4},"end":{"line":113,"column":14}},"loc":{"start":{"line":113,"column":14},"end":{"line":122,"column":5}}},"11":{"name":"(anonymous_11)","decl":{"start":{"line":127,"column":4},"end":{"line":127,"column":9}},"loc":{"start":{"line":127,"column":9},"end":{"line":135,"column":5}}}},"branchMap":{"0":{"loc":{"start":{"line":15,"column":16},"end":{"line":15,"column":43}},"type":"default-arg","locations":[{"start":{"line":15,"column":41},"end":{"line":15,"column":43}}]},"1":{"loc":{"start":{"line":36,"column":8},"end":{"line":36,"column":27}},"type":"if","locations":[{"start":{"line":36,"column":8},"end":{"line":36,"column":27}}]},"2":{"loc":{"start":{"line":46,"column":8},"end":{"line":48,"column":9}},"type":"if","locations":[{"start":{"line":46,"column":8},"end":{"line":48,"column":9}}]},"3":{"loc":{"start":{"line":56,"column":8},"end":{"line":56,"column":27}},"type":"if","locations":[{"start":{"line":56,"column":8},"end":{"line":56,"column":27}}]},"4":{"loc":{"start":{"line":65,"column":8},"end":{"line":65,"column":27}},"type":"if","locations":[{"start":{"line":65,"column":8},"end":{"line":65,"column":27}}]},"5":{"loc":{"start":{"line":74,"column":8},"end":{"line":74,"column":27}},"type":"if","locations":[{"start":{"line":74,"column":8},"end":{"line":74,"column":27}}]},"6":{"loc":{"start":{"line":83,"column":15},"end":{"line":83,"column":38}},"type":"cond-expr","locations":[{"start":{"line":83,"column":20},"end":{"line":83,"column":22}},{"start":{"line":83,"column":15},"end":{"line":83,"column":38}}]},"7":{"loc":{"start":{"line":83,"column":15},"end":{"line":83,"column":22}},"type":"binary-expr","locations":[{"start":{"line":83,"column":15},"end":{"line":83,"column":22}},{"start":{"line":83,"column":15},"end":{"line":83,"column":22}}]},"8":{"loc":{"start":{"line":91,"column":15},"end":{"line":91,"column":39}},"type":"binary-expr","locations":[{"start":{"line":91,"column":15},"end":{"line":91,"column":33}},{"start":{"line":91,"column":37},"end":{"line":91,"column":39}}]},"9":{"loc":{"start":{"line":91,"column":15},"end":{"line":91,"column":33}},"type":"cond-expr","locations":[{"start":{"line":91,"column":20},"end":{"line":91,"column":22}},{"start":{"line":91,"column":15},"end":{"line":91,"column":33}}]},"10":{"loc":{"start":{"line":91,"column":15},"end":{"line":91,"column":22}},"type":"binary-expr","locations":[{"start":{"line":91,"column":15},"end":{"line":91,"column":22}},{"start":{"line":91,"column":15},"end":{"line":91,"column":22}}]},"11":{"loc":{"start":{"line":99,"column":15},"end":{"line":99,"column":33}},"type":"cond-expr","locations":[{"start":{"line":99,"column":20},"end":{"line":99,"column":22}},{"start":{"line":99,"column":15},"end":{"line":99,"column":33}}]},"12":{"loc":{"start":{"line":99,"column":15},"end":{"line":99,"column":22}},"type":"binary-expr","locations":[{"start":{"line":99,"column":15},"end":{"line":99,"column":22}},{"start":{"line":99,"column":15},"end":{"line":99,"column":22}}]},"13":{"loc":{"start":{"line":107,"column":15},"end":{"line":107,"column":41}},"type":"binary-expr","locations":[{"start":{"line":107,"column":15},"end":{"line":107,"column":35}},{"start":{"line":107,"column":39},"end":{"line":107,"column":41}}]},"14":{"loc":{"start":{"line":107,"column":15},"end":{"line":107,"column":35}},"type":"cond-expr","locations":[{"start":{"line":107,"column":20},"end":{"line":107,"column":22}},{"start":{"line":107,"column":15},"end":{"line":107,"column":35}}]},"15":{"loc":{"start":{"line":107,"column":15},"end":{"line":107,"column":22}},"type":"binary-expr","locations":[{"start":{"line":107,"column":15},"end":{"line":107,"column":22}},{"start":{"line":107,"column":15},"end":{"line":107,"column":22}}]},"16":{"loc":{"start":{"line":115,"column":8},"end":{"line":115,"column":30}},"type":"if","locations":[{"start":{"line":115,"column":8},"end":{"line":115,"column":30}}]},"17":{"loc":{"start":{"line":129,"column":8},"end":{"line":129,"column":27}},"type":"if","locations":[{"start":{"line":129,"column":8},"end":{"line":129,"column":27}}]}},"s":{"0":3,"1":11,"2":11,"3":3,"4":3,"5":7,"6":7,"7":4,"8":3,"9":3,"10":3,"11":0,"12":0,"13":0,"14":0,"15":0,"16":0,"17":0,"18":0,"19":0,"20":2,"21":2,"22":0,"23":2,"24":4,"25":4,"26":0,"27":0,"28":0,"29":0,"30":0,"31":0,"32":10,"33":10,"34":9,"35":1,"36":0,"37":0,"38":0,"39":0,"40":0,"41":0,"42":0,"43":3},"f":{"0":11,"1":3,"2":7,"3":0,"4":0,"5":2,"6":4,"7":0,"8":0,"9":0,"10":10,"11":0},"b":{"0":[0],"1":[4],"2":[0],"3":[0],"4":[0],"5":[0],"6":[4,0],"7":[4,4],"8":[0,0],"9":[0,0],"10":[0,0],"11":[0,0],"12":[0,0],"13":[0,0],"14":[0,0],"15":[0,0],"16":[9],"17":[0]}}
,"/Users/mac/Documents/oluso-js/src/utils/fingerprint.ts": {"path":"/Users/mac/Documents/oluso-js/src/utils/fingerprint.ts","statementMap":{"0":{"start":{"line":7,"column":0},"end":{"line":7,"column":16}},"1":{"start":{"line":1,"column":0},"end":{"line":1,"column":28}},"2":{"start":{"line":11,"column":33},"end":{"line":11,"column":35}},"3":{"start":{"line":14,"column":4},"end":{"line":14,"column":44}},"4":{"start":{"line":17,"column":30},"end":{"line":17,"column":66}},"5":{"start":{"line":18,"column":4},"end":{"line":18,"column":39}},"6":{"start":{"line":21,"column":4},"end":{"line":24,"column":5}},"7":{"start":{"line":22,"column":31},"end":{"line":22,"column":65}},"8":{"start":{"line":23,"column":8},"end":{"line":23,"column":40}},"9":{"start":{"line":27,"column":4},"end":{"line":30,"column":5}},"10":{"start":{"line":28,"column":30},"end":{"line":28,"column":63}},"11":{"start":{"line":29,"column":8},"end":{"line":29,"column":39}},"12":{"start":{"line":33,"column":24},"end":{"line":36,"column":22}},"13":{"start":{"line":38,"column":4},"end":{"line":38,"column":23}},"14":{"start":{"line":45,"column":4},"end":{"line":56,"column":16}},"15":{"start":{"line":63,"column":18},"end":{"line":63,"column":47}},"16":{"start":{"line":65,"column":19},"end":{"line":72,"column":6}},"17":{"start":{"line":67,"column":22},"end":{"line":67,"column":56}},"18":{"start":{"line":68,"column":8},"end":{"line":70,"column":9}},"19":{"start":{"line":69,"column":12},"end":{"line":69,"column":35}},"20":{"start":{"line":71,"column":8},"end":{"line":71,"column":27}},"21":{"start":{"line":74,"column":4},"end":{"line":74,"column":29}},"22":{"start":{"line":81,"column":4},"end":{"line":89,"column":29}},"23":{"start":{"line":92,"column":0},"end":{"line":92,"column":35}}},"fnMap":{"0":{"name":"generateFingerprint","decl":{"start":{"line":7,"column":16},"end":{"line":7,"column":35}},"loc":{"start":{"line":9,"column":26},"end":{"line":39,"column":1}}},"1":{"name":"normalizeErrorMessage","decl":{"start":{"line":44,"column":9},"end":{"line":44,"column":30}},"loc":{"start":{"line":44,"column":46},"end":{"line":57,"column":1}}},"2":{"name":"extractStackSignature","decl":{"start":{"line":62,"column":9},"end":{"line":62,"column":30}},"loc":{"start":{"line":62,"column":44},"end":{"line":75,"column":1}}},"3":{"name":"(anonymous_3)","decl":{"start":{"line":65,"column":29},"end":{"line":65,"column":30}},"loc":{"start":{"line":65,"column":38},"end":{"line":72,"column":5}}},"4":{"name":"normalizeUrl","decl":{"start":{"line":80,"column":9},"end":{"line":80,"column":21}},"loc":{"start":{"line":80,"column":33},"end":{"line":90,"column":1}}}},"branchMap":{"0":{"loc":{"start":{"line":21,"column":4},"end":{"line":24,"column":5}},"type":"if","locations":[{"start":{"line":21,"column":4},"end":{"line":24,"column":5}}]},"1":{"loc":{"start":{"line":27,"column":4},"end":{"line":30,"column":5}},"type":"if","locations":[{"start":{"line":27,"column":4},"end":{"line":30,"column":5}}]},"2":{"loc":{"start":{"line":27,"column":8},"end":{"line":27,"column":29}},"type":"cond-expr","locations":[{"start":{"line":27,"column":24},"end":{"line":27,"column":26}},{"start":{"line":27,"column":24},"end":{"line":27,"column":29}}]},"3":{"loc":{"start":{"line":27,"column":8},"end":{"line":27,"column":26}},"type":"binary-expr","locations":[{"start":{"line":27,"column":8},"end":{"line":27,"column":26}},{"start":{"line":27,"column":24},"end":{"line":27,"column":26}}]},"4":{"loc":{"start":{"line":27,"column":8},"end":{"line":27,"column":24}},"type":"cond-expr","locations":[{"start":{"line":27,"column":15},"end":{"line":27,"column":17}},{"start":{"line":27,"column":8},"end":{"line":27,"column":24}}]},"5":{"loc":{"start":{"line":27,"column":8},"end":{"line":27,"column":17}},"type":"binary-expr","locations":[{"start":{"line":27,"column":8},"end":{"line":27,"column":17}},{"start":{"line":27,"column":8},"end":{"line":27,"column":17}}]},"6":{"loc":{"start":{"line":68,"column":8},"end":{"line":70,"column":9}},"type":"if","locations":[{"start":{"line":68,"column":8},"end":{"line":70,"column":9}}]},"7":{"loc":{"start":{"line":68,"column":12},"end":{"line":68,"column":29}},"type":"binary-expr","locations":[{"start":{"line":68,"column":12},"end":{"line":68,"column":17}},{"start":{"line":68,"column":21},"end":{"line":68,"column":29}}]}},"s":{"0":3,"1":3,"2":10,"3":10,"4":10,"5":10,"6":10,"7":10,"8":10,"9":10,"10":4,"11":4,"12":10,"13":10,"14":10,"15":10,"16":10,"17":46,"18":46,"19":45,"20":1,"21":10,"22":4,"23":3},"f":{"0":10,"1":10,"2":10,"3":46,"4":4},"b":{"0":[10],"1":[4],"2":[6,4],"3":[10,10],"4":[0,10],"5":[10,10],"6":[45],"7":[46,46]}}
,"/Users/mac/Documents/oluso-js/src/utils/https.ts": {"path":"/Users/mac/Documents/oluso-js/src/utils/https.ts","statementMap":{"0":{"start":{"line":11,"column":0},"end":{"line":11,"column":16}},"1":{"start":{"line":1,"column":0},"end":{"line":1,"column":26}},"2":{"start":{"line":2,"column":0},"end":{"line":2,"column":24}},"3":{"start":{"line":3,"column":0},"end":{"line":3,"column":26}},"4":{"start":{"line":16,"column":2},"end":{"line":71,"column":5}},"5":{"start":{"line":17,"column":4},"end":{"line":70,"column":5}},"6":{"start":{"line":18,"column":18},"end":{"line":18,"column":36}},"7":{"start":{"line":19,"column":19},"end":{"line":19,"column":46}},"8":{"start":{"line":21,"column":29},"end":{"line":32,"column":8}},"9":{"start":{"line":34,"column":24},"end":{"line":34,"column":80}},"10":{"start":{"line":36,"column":18},"end":{"line":52,"column":8}},"11":{"start":{"line":37,"column":27},"end":{"line":37,"column":29}},"12":{"start":{"line":39,"column":8},"end":{"line":41,"column":11}},"13":{"start":{"line":40,"column":10},"end":{"line":40,"column":32}},"14":{"start":{"line":43,"column":8},"end":{"line":51,"column":11}},"15":{"start":{"line":44,"column":10},"end":{"line":50,"column":11}},"16":{"start":{"line":45,"column":12},"end":{"line":45,"column":66}},"17":{"start":{"line":46,"column":12},"end":{"line":46,"column":22}},"18":{"start":{"line":48,"column":12},"end":{"line":48,"column":107}},"19":{"start":{"line":49,"column":12},"end":{"line":49,"column":22}},"20":{"start":{"line":54,"column":6},"end":{"line":57,"column":9}},"21":{"start":{"line":55,"column":8},"end":{"line":55,"column":75}},"22":{"start":{"line":56,"column":8},"end":{"line":56,"column":18}},"23":{"start":{"line":59,"column":6},"end":{"line":63,"column":9}},"24":{"start":{"line":60,"column":8},"end":{"line":60,"column":22}},"25":{"start":{"line":61,"column":8},"end":{"line":61,"column":67}},"26":{"start":{"line":62,"column":8},"end":{"line":62,"column":18}},"27":{"start":{"line":65,"column":6},"end":{"line":65,"column":22}},"28":{"start":{"line":66,"column":6},"end":{"line":66,"column":16}},"29":{"start":{"line":68,"column":6},"end":{"line":68,"column":73}},"30":{"start":{"line":69,"column":6},"end":{"line":69,"column":16}}},"fnMap":{"0":{"name":"sendErrorReport","decl":{"start":{"line":11,"column":16},"end":{"line":11,"column":31}},"loc":{"start":{"line":14,"column":22},"end":{"line":72,"column":1}}},"1":{"name":"(anonymous_1)","decl":{"start":{"line":16,"column":21},"end":{"line":16,"column":22}},"loc":{"start":{"line":16,"column":41},"end":{"line":71,"column":3}}},"2":{"name":"(anonymous_2)","decl":{"start":{"line":36,"column":44},"end":{"line":36,"column":45}},"loc":{"start":{"line":36,"column":52},"end":{"line":52,"column":7}}},"3":{"name":"(anonymous_3)","decl":{"start":{"line":39,"column":23},"end":{"line":39,"column":24}},"loc":{"start":{"line":39,"column":33},"end":{"line":41,"column":9}}},"4":{"name":"(anonymous_4)","decl":{"start":{"line":43,"column":22},"end":{"line":43,"column":25}},"loc":{"start":{"line":43,"column":27},"end":{"line":51,"column":9}}},"5":{"name":"(anonymous_5)","decl":{"start":{"line":54,"column":22},"end":{"line":54,"column":23}},"loc":{"start":{"line":54,"column":30},"end":{"line":57,"column":7}}},"6":{"name":"(anonymous_6)","decl":{"start":{"line":59,"column":24},"end":{"line":59,"column":27}},"loc":{"start":{"line":59,"column":29},"end":{"line":63,"column":7}}}},"branchMap":{"0":{"loc":{"start":{"line":24,"column":14},"end":{"line":24,"column":64}},"type":"binary-expr","locations":[{"start":{"line":24,"column":14},"end":{"line":24,"column":22}},{"start":{"line":24,"column":27},"end":{"line":24,"column":63}}]},"1":{"loc":{"start":{"line":24,"column":27},"end":{"line":24,"column":63}},"type":"cond-expr","locations":[{"start":{"line":24,"column":55},"end":{"line":24,"column":58}},{"start":{"line":24,"column":61},"end":{"line":24,"column":63}}]},"2":{"loc":{"start":{"line":31,"column":17},"end":{"line":31,"column":40}},"type":"binary-expr","locations":[{"start":{"line":31,"column":17},"end":{"line":31,"column":32}},{"start":{"line":31,"column":36},"end":{"line":31,"column":40}}]},"3":{"loc":{"start":{"line":34,"column":24},"end":{"line":34,"column":80}},"type":"cond-expr","locations":[{"start":{"line":34,"column":52},"end":{"line":34,"column":65}},{"start":{"line":34,"column":68},"end":{"line":34,"column":80}}]},"4":{"loc":{"start":{"line":44,"column":10},"end":{"line":50,"column":11}},"type":"if","locations":[{"start":{"line":44,"column":10},"end":{"line":50,"column":11}},{"start":{"line":47,"column":17},"end":{"line":50,"column":11}}]},"5":{"loc":{"start":{"line":44,"column":14},"end":{"line":44,"column":77}},"type":"binary-expr","locations":[{"start":{"line":44,"column":14},"end":{"line":44,"column":28}},{"start":{"line":44,"column":32},"end":{"line":44,"column":53}},{"start":{"line":44,"column":57},"end":{"line":44,"column":77}}]}},"s":{"0":3,"1":3,"2":3,"3":3,"4":0,"5":0,"6":0,"7":0,"8":0,"9":0,"10":0,"11":0,"12":0,"13":0,"14":0,"15":0,"16":0,"17":0,"18":0,"19":0,"20":0,"21":0,"22":0,"23":0,"24":0,"25":0,"26":0,"27":0,"28":0,"29":0,"30":0},"f":{"0":0,"1":0,"2":0,"3":0,"4":0,"5":0,"6":0},"b":{"0":[0,0],"1":[0,0],"2":[0,0],"3":[0,0],"4":[0,0],"5":[0,0,0]}}
,"/Users/mac/Documents/oluso-js/src/utils/queue.ts": {"path":"/Users/mac/Documents/oluso-js/src/utils/queue.ts","statementMap":{"0":{"start":{"line":1,"column":0},"end":{"line":1,"column":20}},"1":{"start":{"line":2,"column":0},"end":{"line":2,"column":24}},"2":{"start":{"line":12,"column":12},"end":{"line":12,"column":39}},"3":{"start":{"line":15,"column":12},"end":{"line":15,"column":42}},"4":{"start":{"line":18,"column":8},"end":{"line":18,"column":31}},"5":{"start":{"line":21,"column":24},"end":{"line":21,"column":84}},"6":{"start":{"line":22,"column":8},"end":{"line":28,"column":9}},"7":{"start":{"line":23,"column":12},"end":{"line":27,"column":13}},"8":{"start":{"line":24,"column":16},"end":{"line":24,"column":59}},"9":{"start":{"line":30,"column":8},"end":{"line":30,"column":68}},"10":{"start":{"line":31,"column":8},"end":{"line":31,"column":25}},"11":{"start":{"line":38,"column":43},"end":{"line":42,"column":10}},"12":{"start":{"line":44,"column":8},"end":{"line":44,"column":38}},"13":{"start":{"line":47,"column":8},"end":{"line":49,"column":9}},"14":{"start":{"line":48,"column":12},"end":{"line":48,"column":31}},"15":{"start":{"line":51,"column":8},"end":{"line":51,"column":25}},"16":{"start":{"line":58,"column":8},"end":{"line":58,"column":34}},"17":{"start":{"line":65,"column":8},"end":{"line":65,"column":29}},"18":{"start":{"line":72,"column":8},"end":{"line":72,"column":31}},"19":{"start":{"line":75,"column":8},"end":{"line":78,"column":9}},"20":{"start":{"line":76,"column":12},"end":{"line":76,"column":45}},"21":{"start":{"line":77,"column":12},"end":{"line":77,"column":29}},"22":{"start":{"line":85,"column":8},"end":{"line":85,"column":33}},"23":{"start":{"line":92,"column":8},"end":{"line":92,"column":39}},"24":{"start":{"line":99,"column":8},"end":{"line":99,"column":24}},"25":{"start":{"line":100,"column":8},"end":{"line":100,"column":25}},"26":{"start":{"line":107,"column":8},"end":{"line":119,"column":9}},"27":{"start":{"line":108,"column":12},"end":{"line":115,"column":13}},"28":{"start":{"line":109,"column":29},"end":{"line":109,"column":73}},"29":{"start":{"line":110,"column":16},"end":{"line":110,"column":46}},"30":{"start":{"line":113,"column":34},"end":{"line":113,"column":66}},"31":{"start":{"line":114,"column":16},"end":{"line":114,"column":85}},"32":{"start":{"line":114,"column":57},"end":{"line":114,"column":83}},"33":{"start":{"line":118,"column":12},"end":{"line":118,"column":28}},"34":{"start":{"line":126,"column":8},"end":{"line":134,"column":9}},"35":{"start":{"line":127,"column":12},"end":{"line":131,"column":14}},"36":{"start":{"line":143,"column":8},"end":{"line":145,"column":9}},"37":{"start":{"line":144,"column":12},"end":{"line":144,"column":19}},"38":{"start":{"line":147,"column":8},"end":{"line":147,"column":33}},"39":{"start":{"line":149,"column":8},"end":{"line":169,"column":9}},"40":{"start":{"line":150,"column":12},"end":{"line":166,"column":13}},"41":{"start":{"line":151,"column":37},"end":{"line":151,"column":48}},"42":{"start":{"line":152,"column":16},"end":{"line":152,"column":41}},"43":{"start":{"line":152,"column":35},"end":{"line":152,"column":41}},"44":{"start":{"line":154,"column":16},"end":{"line":165,"column":17}},"45":{"start":{"line":155,"column":20},"end":{"line":155,"column":54}},"46":{"start":{"line":156,"column":20},"end":{"line":156,"column":35}},"47":{"start":{"line":157,"column":20},"end":{"line":157,"column":37}},"48":{"start":{"line":160,"column":35},"end":{"line":160,"column":49}},"49":{"start":{"line":161,"column":20},"end":{"line":163,"column":21}},"50":{"start":{"line":162,"column":24},"end":{"line":162,"column":51}},"51":{"start":{"line":164,"column":20},"end":{"line":164,"column":26}},"52":{"start":{"line":168,"column":12},"end":{"line":168,"column":38}},"53":{"start":{"line":11,"column":0},"end":{"line":11,"column":13}},"54":{"start":{"line":173,"column":0},"end":{"line":173,"column":28}}},"fnMap":{"0":{"name":"(anonymous_0)","decl":{"start":{"line":17,"column":4},"end":{"line":17,"column":16}},"loc":{"start":{"line":17,"column":56},"end":{"line":32,"column":5}}},"1":{"name":"(anonymous_1)","decl":{"start":{"line":37,"column":4},"end":{"line":37,"column":11}},"loc":{"start":{"line":37,"column":31},"end":{"line":52,"column":5}}},"2":{"name":"(anonymous_2)","decl":{"start":{"line":57,"column":4},"end":{"line":57,"column":11}},"loc":{"start":{"line":57,"column":11},"end":{"line":59,"column":5}}},"3":{"name":"(anonymous_3)","decl":{"start":{"line":64,"column":4},"end":{"line":64,"column":8}},"loc":{"start":{"line":64,"column":8},"end":{"line":66,"column":5}}},"4":{"name":"(anonymous_4)","decl":{"start":{"line":71,"column":4},"end":{"line":71,"column":17}},"loc":{"start":{"line":71,"column":44},"end":{"line":79,"column":5}}},"5":{"name":"(anonymous_5)","decl":{"start":{"line":84,"column":4},"end":{"line":84,"column":8}},"loc":{"start":{"line":84,"column":8},"end":{"line":86,"column":5}}},"6":{"name":"(anonymous_6)","decl":{"start":{"line":91,"column":4},"end":{"line":91,"column":11}},"loc":{"start":{"line":91,"column":11},"end":{"line":93,"column":5}}},"7":{"name":"(anonymous_7)","decl":{"start":{"line":98,"column":4},"end":{"line":98,"column":9}},"loc":{"start":{"line":98,"column":9},"end":{"line":101,"column":5}}},"8":{"name":"(anonymous_8)","decl":{"start":{"line":106,"column":12},"end":{"line":106,"column":21}},"loc":{"start":{"line":106,"column":21},"end":{"line":120,"column":5}}},"9":{"name":"(anonymous_9)","decl":{"start":{"line":114,"column":47},"end":{"line":114,"column":48}},"loc":{"start":{"line":114,"column":57},"end":{"line":114,"column":83}}},"10":{"name":"(anonymous_10)","decl":{"start":{"line":125,"column":12},"end":{"line":125,"column":21}},"loc":{"start":{"line":125,"column":21},"end":{"line":135,"column":5}}},"11":{"name":"(anonymous_11)","decl":{"start":{"line":140,"column":4},"end":{"line":140,"column":9}},"loc":{"start":{"line":141,"column":54},"end":{"line":170,"column":5}}}},"branchMap":{"0":{"loc":{"start":{"line":17,"column":16},"end":{"line":17,"column":37}},"type":"default-arg","locations":[{"start":{"line":17,"column":34},"end":{"line":17,"column":37}}]},"1":{"loc":{"start":{"line":21,"column":24},"end":{"line":21,"column":84}},"type":"binary-expr","locations":[{"start":{"line":21,"column":24},"end":{"line":21,"column":32}},{"start":{"line":21,"column":36},"end":{"line":21,"column":84}}]},"2":{"loc":{"start":{"line":22,"column":8},"end":{"line":28,"column":9}},"type":"if","locations":[{"start":{"line":22,"column":8},"end":{"line":28,"column":9}}]},"3":{"loc":{"start":{"line":47,"column":8},"end":{"line":49,"column":9}},"type":"if","locations":[{"start":{"line":47,"column":8},"end":{"line":49,"column":9}}]},"4":{"loc":{"start":{"line":75,"column":8},"end":{"line":78,"column":9}},"type":"if","locations":[{"start":{"line":75,"column":8},"end":{"line":78,"column":9}}]},"5":{"loc":{"start":{"line":108,"column":12},"end":{"line":115,"column":13}},"type":"if","locations":[{"start":{"line":108,"column":12},"end":{"line":115,"column":13}}]},"6":{"loc":{"start":{"line":143,"column":8},"end":{"line":145,"column":9}},"type":"if","locations":[{"start":{"line":143,"column":8},"end":{"line":145,"column":9}}]},"7":{"loc":{"start":{"line":143,"column":12},"end":{"line":143,"column":47}},"type":"binary-expr","locations":[{"start":{"line":143,"column":12},"end":{"line":143,"column":29}},{"start":{"line":143,"column":33},"end":{"line":143,"column":47}}]},"8":{"loc":{"start":{"line":152,"column":16},"end":{"line":152,"column":41}},"type":"if","locations":[{"start":{"line":152,"column":16},"end":{"line":152,"column":41}}]},"9":{"loc":{"start":{"line":161,"column":20},"end":{"line":163,"column":21}},"type":"if","locations":[{"start":{"line":161,"column":20},"end":{"line":163,"column":21}}]}},"s":{"0":4,"1":4,"2":19,"3":19,"4":19,"5":19,"6":19,"7":0,"8":0,"9":19,"10":19,"11":10,"12":10,"13":10,"14":1,"15":10,"16":5,"17":6,"18":2,"19":2,"20":1,"21":1,"22":5,"23":20,"24":0,"25":0,"26":19,"27":19,"28":1,"29":1,"30":1,"31":1,"32":1,"33":0,"34":13,"35":13,"36":2,"37":0,"38":2,"39":2,"40":2,"41":3,"42":3,"43":0,"44":3,"45":3,"46":2,"47":2,"48":1,"49":1,"50":1,"51":1,"52":2,"53":4,"54":4},"f":{"0":19,"1":10,"2":5,"3":6,"4":2,"5":5,"6":20,"7":0,"8":19,"9":1,"10":13,"11":2},"b":{"0":[0],"1":[19,11],"2":[0],"3":[1],"4":[1],"5":[1],"6":[0],"7":[2,2],"8":[0],"9":[1]}}
,"/Users/mac/Documents/oluso-js/src/utils/sanitizer.ts": {"path":"/Users/mac/Documents/oluso-js/src/utils/sanitizer.ts","statementMap":{"0":{"start":{"line":1,"column":31},"end":{"line":28,"column":2}},"1":{"start":{"line":30,"column":17},"end":{"line":30,"column":29}},"2":{"start":{"line":36,"column":24},"end":{"line":36,"column":75}},"3":{"start":{"line":37,"column":8},"end":{"line":39,"column":10}},"4":{"start":{"line":38,"column":21},"end":{"line":38,"column":41}},"5":{"start":{"line":46,"column":8},"end":{"line":46,"column":75}},"6":{"start":{"line":46,"column":56},"end":{"line":46,"column":73}},"7":{"start":{"line":53,"column":8},"end":{"line":55,"column":9}},"8":{"start":{"line":54,"column":12},"end":{"line":54,"column":41}},"9":{"start":{"line":57,"column":8},"end":{"line":59,"column":9}},"10":{"start":{"line":58,"column":12},"end":{"line":58,"column":23}},"11":{"start":{"line":62,"column":21},"end":{"line":62,"column":34}},"12":{"start":{"line":64,"column":25},"end":{"line":116,"column":9}},"13":{"start":{"line":65,"column":12},"end":{"line":67,"column":13}},"14":{"start":{"line":66,"column":16},"end":{"line":66,"column":45}},"15":{"start":{"line":69,"column":12},"end":{"line":71,"column":13}},"16":{"start":{"line":70,"column":16},"end":{"line":70,"column":29}},"17":{"start":{"line":74,"column":12},"end":{"line":76,"column":13}},"18":{"start":{"line":75,"column":16},"end":{"line":75,"column":29}},"19":{"start":{"line":79,"column":12},"end":{"line":81,"column":13}},"20":{"start":{"line":80,"column":16},"end":{"line":80,"column":46}},"21":{"start":{"line":82,"column":12},"end":{"line":82,"column":28}},"22":{"start":{"line":85,"column":12},"end":{"line":87,"column":13}},"23":{"start":{"line":86,"column":16},"end":{"line":86,"column":70}},"24":{"start":{"line":86,"column":43},"end":{"line":86,"column":68}},"25":{"start":{"line":90,"column":12},"end":{"line":92,"column":13}},"26":{"start":{"line":91,"column":16},"end":{"line":91,"column":43}},"27":{"start":{"line":95,"column":12},"end":{"line":101,"column":13}},"28":{"start":{"line":96,"column":16},"end":{"line":100,"column":18}},"29":{"start":{"line":104,"column":35},"end":{"line":104,"column":37}},"30":{"start":{"line":105,"column":12},"end":{"line":113,"column":13}},"31":{"start":{"line":106,"column":16},"end":{"line":112,"column":17}},"32":{"start":{"line":107,"column":20},"end":{"line":111,"column":21}},"33":{"start":{"line":108,"column":24},"end":{"line":108,"column":50}},"34":{"start":{"line":110,"column":24},"end":{"line":110,"column":73}},"35":{"start":{"line":115,"column":12},"end":{"line":115,"column":29}},"36":{"start":{"line":118,"column":8},"end":{"line":118,"column":39}},"37":{"start":{"line":125,"column":50},"end":{"line":125,"column":52}},"38":{"start":{"line":127,"column":8},"end":{"line":140,"column":9}},"39":{"start":{"line":128,"column":12},"end":{"line":139,"column":13}},"40":{"start":{"line":129,"column":33},"end":{"line":129,"column":50}},"41":{"start":{"line":132,"column":16},"end":{"line":138,"column":17}},"42":{"start":{"line":133,"column":20},"end":{"line":133,"column":46}},"43":{"start":{"line":134,"column":23},"end":{"line":138,"column":17}},"44":{"start":{"line":135,"column":20},"end":{"line":135,"column":46}},"45":{"start":{"line":137,"column":20},"end":{"line":137,"column":58}},"46":{"start":{"line":142,"column":8},"end":{"line":142,"column":25}},"47":{"start":{"line":149,"column":8},"end":{"line":149,"column":41}},"48":{"start":{"line":156,"column":8},"end":{"line":156,"column":42}},"49":{"start":{"line":163,"column":8},"end":{"line":165,"column":9}},"50":{"start":{"line":164,"column":12},"end":{"line":164,"column":23}},"51":{"start":{"line":166,"column":8},"end":{"line":166,"column":63}},"52":{"start":{"line":32,"column":0},"end":{"line":32,"column":13}},"53":{"start":{"line":170,"column":0},"end":{"line":170,"column":25}}},"fnMap":{"0":{"name":"(anonymous_0)","decl":{"start":{"line":35,"column":4},"end":{"line":35,"column":16}},"loc":{"start":{"line":35,"column":50},"end":{"line":40,"column":5}}},"1":{"name":"(anonymous_1)","decl":{"start":{"line":38,"column":12},"end":{"line":38,"column":13}},"loc":{"start":{"line":38,"column":21},"end":{"line":38,"column":41}}},"2":{"name":"(anonymous_2)","decl":{"start":{"line":45,"column":12},"end":{"line":45,"column":26}},"loc":{"start":{"line":45,"column":38},"end":{"line":47,"column":5}}},"3":{"name":"(anonymous_3)","decl":{"start":{"line":46,"column":43},"end":{"line":46,"column":44}},"loc":{"start":{"line":46,"column":56},"end":{"line":46,"column":73}}},"4":{"name":"(anonymous_4)","decl":{"start":{"line":52,"column":4},"end":{"line":52,"column":18}},"loc":{"start":{"line":52,"column":50},"end":{"line":119,"column":5}}},"5":{"name":"(anonymous_5)","decl":{"start":{"line":64,"column":25},"end":{"line":64,"column":26}},"loc":{"start":{"line":64,"column":60},"end":{"line":116,"column":9}}},"6":{"name":"(anonymous_6)","decl":{"start":{"line":86,"column":33},"end":{"line":86,"column":34}},"loc":{"start":{"line":86,"column":43},"end":{"line":86,"column":68}}},"7":{"name":"(anonymous_7)","decl":{"start":{"line":124,"column":4},"end":{"line":124,"column":19}},"loc":{"start":{"line":124,"column":48},"end":{"line":143,"column":5}}},"8":{"name":"(anonymous_8)","decl":{"start":{"line":148,"column":4},"end":{"line":148,"column":16}},"loc":{"start":{"line":148,"column":26},"end":{"line":150,"column":5}}},"9":{"name":"(anonymous_9)","decl":{"start":{"line":155,"column":4},"end":{"line":155,"column":17}},"loc":{"start":{"line":155,"column":44},"end":{"line":157,"column":5}}},"10":{"name":"(anonymous_10)","decl":{"start":{"line":162,"column":4},"end":{"line":162,"column":18}},"loc":{"start":{"line":162,"column":56},"end":{"line":167,"column":5}}}},"branchMap":{"0":{"loc":{"start":{"line":35,"column":16},"end":{"line":35,"column":50}},"type":"default-arg","locations":[{"start":{"line":35,"column":48},"end":{"line":35,"column":50}}]},"1":{"loc":{"start":{"line":52,"column":29},"end":{"line":52,"column":50}},"type":"default-arg","locations":[{"start":{"line":52,"column":48},"end":{"line":52,"column":50}}]},"2":{"loc":{"start":{"line":53,"column":8},"end":{"line":55,"column":9}},"type":"if","locations":[{"start":{"line":53,"column":8},"end":{"line":55,"column":9}}]},"3":{"loc":{"start":{"line":57,"column":8},"end":{"line":59,"column":9}},"type":"if","locations":[{"start":{"line":57,"column":8},"end":{"line":59,"column":9}}]},"4":{"loc":{"start":{"line":57,"column":12},"end":{"line":57,"column":45}},"type":"binary-expr","locations":[{"start":{"line":57,"column":12},"end":{"line":57,"column":24}},{"start":{"line":57,"column":28},"end":{"line":57,"column":45}}]},"5":{"loc":{"start":{"line":65,"column":12},"end":{"line":67,"column":13}},"type":"if","locations":[{"start":{"line":65,"column":12},"end":{"line":67,"column":13}}]},"6":{"loc":{"start":{"line":69,"column":12},"end":{"line":71,"column":13}},"type":"if","locations":[{"start":{"line":69,"column":12},"end":{"line":71,"column":13}}]},"7":{"loc":{"start":{"line":69,"column":16},"end":{"line":69,"column":53}},"type":"binary-expr","locations":[{"start":{"line":69,"column":16},"end":{"line":69,"column":30}},{"start":{"line":69,"column":34},"end":{"line":69,"column":53}}]},"8":{"loc":{"start":{"line":74,"column":12},"end":{"line":76,"column":13}},"type":"if","locations":[{"start":{"line":74,"column":12},"end":{"line":76,"column":13}}]},"9":{"loc":{"start":{"line":79,"column":12},"end":{"line":81,"column":13}},"type":"if","locations":[{"start":{"line":79,"column":12},"end":{"line":81,"column":13}}]},"10":{"loc":{"start":{"line":85,"column":12},"end":{"line":87,"column":13}},"type":"if","locations":[{"start":{"line":85,"column":12},"end":{"line":87,"column":13}}]},"11":{"loc":{"start":{"line":90,"column":12},"end":{"line":92,"column":13}},"type":"if","locations":[{"start":{"line":90,"column":12},"end":{"line":92,"column":13}}]},"12":{"loc":{"start":{"line":95,"column":12},"end":{"line":101,"column":13}},"type":"if","locations":[{"start":{"line":95,"column":12},"end":{"line":101,"column":13}}]},"13":{"loc":{"start":{"line":106,"column":16},"end":{"line":112,"column":17}},"type":"if","locations":[{"start":{"line":106,"column":16},"end":{"line":112,"column":17}}]},"14":{"loc":{"start":{"line":107,"column":20},"end":{"line":111,"column":21}},"type":"if","locations":[{"start":{"line":107,"column":20},"end":{"line":111,"column":21}},{"start":{"line":109,"column":27},"end":{"line":111,"column":21}}]},"15":{"loc":{"start":{"line":128,"column":12},"end":{"line":139,"column":13}},"type":"if","locations":[{"start":{"line":128,"column":12},"end":{"line":139,"column":13}}]},"16":{"loc":{"start":{"line":132,"column":16},"end":{"line":138,"column":17}},"type":"if","locations":[{"start":{"line":132,"column":16},"end":{"line":138,"column":17}},{"start":{"line":134,"column":23},"end":{"line":138,"column":17}}]},"17":{"loc":{"start":{"line":132,"column":20},"end":{"line":132,"column":73}},"type":"binary-expr","locations":[{"start":{"line":132,"column":20},"end":{"line":132,"column":48}},{"start":{"line":132,"column":52},"end":{"line":132,"column":73}}]},"18":{"loc":{"start":{"line":134,"column":23},"end":{"line":138,"column":17}},"type":"if","locations":[{"start":{"line":134,"column":23},"end":{"line":138,"column":17}},{"start":{"line":136,"column":23},"end":{"line":138,"column":17}}]},"19":{"loc":{"start":{"line":162,"column":32},"end":{"line":162,"column":56}},"type":"default-arg","locations":[{"start":{"line":162,"column":52},"end":{"line":162,"column":56}}]},"20":{"loc":{"start":{"line":163,"column":8},"end":{"line":165,"column":9}},"type":"if","locations":[{"start":{"line":163,"column":8},"end":{"line":165,"column":9}}]}},"s":{"0":3,"1":3,"2":11,"3":11,"4":286,"5":0,"6":0,"7":2,"8":0,"9":2,"10":0,"11":2,"12":2,"13":2,"14":0,"15":2,"16":0,"17":2,"18":0,"19":2,"20":0,"21":2,"22":2,"23":0,"24":0,"25":2,"26":0,"27":2,"28":0,"29":2,"30":2,"31":0,"32":0,"33":0,"34":0,"35":2,"36":2,"37":4,"38":4,"39":0,"40":0,"41":0,"42":0,"43":0,"44":0,"45":0,"46":4,"47":0,"48":2,"49":0,"50":0,"51":0,"52":3,"53":3},"f":{"0":11,"1":286,"2":0,"3":0,"4":2,"5":2,"6":0,"7":4,"8":0,"9":2,"10":0},"b":{"0":[11],"1":[2],"2":[0],"3":[0],"4":[2,2],"5":[0],"6":[0],"7":[2,2],"8":[0],"9":[0],"10":[0],"11":[0],"12":[0],"13":[0],"14":[0,0],"15":[0],"16":[0,0],"17":[0,0],"18":[0,0],"19":[0],"20":[0]}}
,"/Users/mac/Documents/oluso-js/src/utils/server.ts": {"path":"/Users/mac/Documents/oluso-js/src/utils/server.ts","statementMap":{"0":{"start":{"line":7,"column":0},"end":{"line":7,"column":16}},"1":{"start":{"line":1,"column":0},"end":{"line":1,"column":20}},"2":{"start":{"line":8,"column":21},"end":{"line":8,"column":42}},"3":{"start":{"line":10,"column":4},"end":{"line":20,"column":6}},"4":{"start":{"line":27,"column":12},"end":{"line":27,"column":38}},"5":{"start":{"line":31,"column":8},"end":{"line":31,"column":41}},"6":{"start":{"line":38,"column":20},"end":{"line":38,"column":30}},"7":{"start":{"line":39,"column":29},"end":{"line":39,"column":40}},"8":{"start":{"line":42,"column":8},"end":{"line":42,"column":76}},"9":{"start":{"line":42,"column":57},"end":{"line":42,"column":74}},"10":{"start":{"line":45,"column":8},"end":{"line":48,"column":9}},"11":{"start":{"line":46,"column":12},"end":{"line":46,"column":38}},"12":{"start":{"line":47,"column":12},"end":{"line":47,"column":24}},"13":{"start":{"line":50,"column":8},"end":{"line":50,"column":21}},"14":{"start":{"line":57,"column":20},"end":{"line":57,"column":30}},"15":{"start":{"line":58,"column":29},"end":{"line":58,"column":40}},"16":{"start":{"line":59,"column":8},"end":{"line":59,"column":76}},"17":{"start":{"line":59,"column":57},"end":{"line":59,"column":74}},"18":{"start":{"line":60,"column":8},"end":{"line":60,"column":38}},"19":{"start":{"line":67,"column":8},"end":{"line":67,"column":29}},"20":{"start":{"line":26,"column":0},"end":{"line":26,"column":13}},"21":{"start":{"line":71,"column":0},"end":{"line":71,"column":49}}},"fnMap":{"0":{"name":"getServerContext","decl":{"start":{"line":7,"column":16},"end":{"line":7,"column":32}},"loc":{"start":{"line":7,"column":32},"end":{"line":21,"column":1}}},"1":{"name":"(anonymous_1)","decl":{"start":{"line":30,"column":4},"end":{"line":30,"column":16}},"loc":{"start":{"line":30,"column":41},"end":{"line":32,"column":5}}},"2":{"name":"(anonymous_2)","decl":{"start":{"line":37,"column":4},"end":{"line":37,"column":11}},"loc":{"start":{"line":37,"column":11},"end":{"line":51,"column":5}}},"3":{"name":"(anonymous_3)","decl":{"start":{"line":42,"column":49},"end":{"line":42,"column":50}},"loc":{"start":{"line":42,"column":57},"end":{"line":42,"column":74}}},"4":{"name":"(anonymous_4)","decl":{"start":{"line":56,"column":4},"end":{"line":56,"column":12}},"loc":{"start":{"line":56,"column":12},"end":{"line":61,"column":5}}},"5":{"name":"(anonymous_5)","decl":{"start":{"line":59,"column":49},"end":{"line":59,"column":50}},"loc":{"start":{"line":59,"column":57},"end":{"line":59,"column":74}}},"6":{"name":"(anonymous_6)","decl":{"start":{"line":66,"column":4},"end":{"line":66,"column":9}},"loc":{"start":{"line":66,"column":9},"end":{"line":68,"column":5}}}},"branchMap":{"0":{"loc":{"start":{"line":30,"column":16},"end":{"line":30,"column":41}},"type":"default-arg","locations":[{"start":{"line":30,"column":39},"end":{"line":30,"column":41}}]},"1":{"loc":{"start":{"line":45,"column":8},"end":{"line":48,"column":9}},"type":"if","locations":[{"start":{"line":45,"column":8},"end":{"line":48,"column":9}}]}},"s":{"0":4,"1":4,"2":11,"3":11,"4":15,"5":15,"6":22,"7":22,"8":22,"9":10,"10":22,"11":19,"12":19,"13":3,"14":2,"15":2,"16":2,"17":5,"18":2,"19":1,"20":4,"21":4},"f":{"0":11,"1":15,"2":22,"3":10,"4":2,"5":5,"6":1},"b":{"0":[0],"1":[19]}}
}
