TN:
SF:src/index.ts
FN:22,(anonymous_0)
FN:49,(anonymous_1)
FN:54,(anonymous_2)
FN:64,(anonymous_3)
FN:79,(anonymous_4)
FN:96,(anonymous_5)
FN:114,(anonymous_6)
FN:130,(anonymous_7)
FN:137,(anonymous_8)
FN:144,(anonymous_9)
FN:151,(anonymous_10)
FN:163,(anonymous_11)
FN:164,(anonymous_12)
FN:175,(anonymous_13)
FN:225,(anonymous_14)
FN:261,(anonymous_15)
FN:270,(anonymous_16)
FN:275,(anonymous_17)
FN:287,(anonymous_18)
FN:297,(anonymous_19)
FN:313,(anonymous_20)
FN:340,(anonymous_21)
FNF:22
FNH:10
FNDA:11,(anonymous_0)
FNDA:11,(anonymous_1)
FNDA:0,(anonymous_2)
FNDA:0,(anonymous_3)
FNDA:0,(anonymous_4)
FNDA:0,(anonymous_5)
FNDA:0,(anonymous_6)
FNDA:7,(anonymous_7)
FNDA:0,(anonymous_8)
FNDA:0,(anonymous_9)
FNDA:0,(anonymous_10)
FNDA:0,(anonymous_11)
FNDA:0,(anonymous_12)
FNDA:11,(anonymous_13)
FNDA:10,(anonymous_14)
FNDA:10,(anonymous_15)
FNDA:0,(anonymous_16)
FNDA:0,(anonymous_17)
FNDA:10,(anonymous_18)
FNDA:10,(anonymous_19)
FNDA:10,(anonymous_20)
FNDA:4,(anonymous_21)
DA:2,3
DA:3,3
DA:4,3
DA:5,3
DA:6,3
DA:7,3
DA:9,3
DA:10,3
DA:11,3
DA:13,3
DA:15,11
DA:20,11
DA:24,11
DA:40,11
DA:41,11
DA:42,11
DA:43,11
DA:46,11
DA:50,11
DA:51,11
DA:54,11
DA:55,0
DA:60,0
DA:64,11
DA:65,0
DA:71,0
DA:72,0
DA:74,0
DA:79,11
DA:80,0
DA:92,11
DA:93,11
DA:94,11
DA:95,11
DA:96,0
DA:97,0
DA:102,0
DA:111,11
DA:112,11
DA:113,11
DA:114,0
DA:115,0
DA:131,7
DA:138,0
DA:145,0
DA:152,0
DA:153,0
DA:154,0
DA:157,0
DA:164,0
DA:165,0
DA:177,11
DA:178,1
DA:182,10
DA:183,0
DA:184,0
DA:186,0
DA:190,10
DA:191,0
DA:195,10
DA:198,10
DA:203,10
DA:206,10
DA:219,10
DA:226,10
DA:232,10
DA:233,4
DA:234,4
DA:238,4
DA:255,10
DA:262,10
DA:263,10
DA:269,10
DA:270,0
DA:271,0
DA:281,0
DA:282,0
DA:289,10
DA:290,10
DA:292,10
DA:294,0
DA:299,10
DA:300,5
DA:304,5
DA:305,0
DA:306,0
DA:310,5
DA:314,10
DA:317,10
DA:320,10
DA:321,0
DA:325,10
DA:326,4
DA:330,10
DA:331,0
DA:334,10
DA:341,4
LF:97
LH:64
BRDA:50,0,0,0
BRDA:71,1,0,0
BRDA:71,1,1,0
BRDA:92,2,0,11
BRDA:95,3,0,0
BRDA:113,4,0,0
BRDA:152,5,0,0
BRDA:177,6,0,1
BRDA:177,7,0,11
BRDA:177,7,1,2
BRDA:182,8,0,0
BRDA:183,9,0,0
BRDA:190,10,0,0
BRDA:198,11,0,0
BRDA:198,11,1,10
BRDA:232,12,0,4
BRDA:234,13,0,0
BRDA:234,13,1,4
BRDA:239,14,0,4
BRDA:239,14,1,2
BRDA:239,14,2,0
BRDA:239,14,3,0
BRDA:240,15,0,4
BRDA:240,15,1,0
BRDA:241,16,0,4
BRDA:241,16,1,0
BRDA:242,17,0,4
BRDA:242,17,1,2
BRDA:244,18,0,2
BRDA:244,18,1,2
BRDA:245,19,0,0
BRDA:245,19,1,4
BRDA:245,20,0,4
BRDA:245,20,1,4
BRDA:248,21,0,0
BRDA:248,21,1,4
BRDA:249,22,0,4
BRDA:249,22,1,4
BRDA:249,23,0,4
BRDA:249,23,1,0
BRDA:249,24,0,4
BRDA:249,24,1,4
BRDA:250,25,0,2
BRDA:250,25,1,2
BRDA:250,26,0,4
BRDA:250,26,1,4
BRDA:269,27,0,0
BRDA:269,28,0,10
BRDA:269,28,1,10
BRDA:281,29,0,0
BRDA:290,30,0,10
BRDA:290,31,0,10
BRDA:290,31,1,10
BRDA:292,32,0,10
BRDA:292,32,1,0
BRDA:299,33,0,5
BRDA:304,34,0,0
BRDA:304,35,0,5
BRDA:304,35,1,0
BRDA:305,36,0,0
BRDA:306,37,0,0
BRDA:310,38,0,5
BRDA:310,38,1,0
BRDA:314,39,0,10
BRDA:314,39,1,10
BRDA:320,40,0,0
BRDA:320,41,0,10
BRDA:320,41,1,4
BRDA:320,41,2,0
BRDA:325,42,0,4
BRDA:325,43,0,10
BRDA:325,43,1,4
BRDA:330,44,0,0
BRDA:330,45,0,10
BRDA:330,45,1,4
BRDA:330,45,2,0
BRF:76
BRH:46
end_of_record
TN:
SF:src/adapters/express.ts
FN:17,olusoExpress
FN:22,olusoMiddleware
FN:53,handleRequest
FN:61,(anonymous_3)
FN:86,(anonymous_4)
FN:97,(anonymous_5)
FN:108,(anonymous_6)
FN:119,(anonymous_7)
FN:141,handleError
FNF:9
FNH:7
FNDA:3,olusoExpress
FNDA:3,olusoMiddleware
FNDA:2,handleRequest
FNDA:2,(anonymous_3)
FNDA:1,(anonymous_4)
FNDA:1,(anonymous_5)
FNDA:0,(anonymous_6)
FNDA:0,(anonymous_7)
FNDA:1,handleError
DA:1,3
DA:17,3
DA:18,3
DA:19,3
DA:22,3
DA:29,3
DA:31,3
DA:33,1
DA:34,1
DA:35,1
DA:36,1
DA:38,1
DA:41,2
DA:42,2
DA:43,2
DA:45,2
DA:61,2
DA:63,2
DA:66,2
DA:78,2
DA:79,2
DA:80,2
DA:83,2
DA:86,2
DA:87,1
DA:88,0
DA:89,0
DA:90,0
DA:91,0
DA:93,1
DA:97,2
DA:98,1
DA:99,1
DA:100,1
DA:101,1
DA:102,1
DA:104,1
DA:108,2
DA:109,0
DA:110,0
DA:111,0
DA:112,0
DA:113,0
DA:115,0
DA:119,2
DA:120,0
DA:121,0
DA:123,0
DA:134,2
DA:151,1
DA:152,1
DA:154,1
DA:155,1
DA:156,0
DA:157,0
DA:161,1
DA:162,1
DA:166,1
DA:169,1
DA:180,1
DA:183,1
LF:61
LH:46
BRDA:31,0,0,1
BRDA:31,0,1,2
BRDA:87,1,0,0
BRDA:87,2,0,1
BRDA:87,2,1,0
BRDA:98,3,0,1
BRDA:98,4,0,1
BRDA:98,4,1,1
BRDA:109,5,0,0
BRDA:109,6,0,0
BRDA:109,6,1,0
BRDA:121,7,0,0
BRDA:121,7,1,0
BRDA:125,8,0,0
BRDA:125,8,1,0
BRDA:151,9,0,0
BRDA:151,9,1,1
BRDA:152,10,0,1
BRDA:152,10,1,1
BRDA:154,11,0,1
BRDA:154,11,1,0
BRDA:156,12,0,0
BRDA:161,13,0,1
BRF:23
BRH:11
end_of_record
TN:
SF:src/adapters/nest.ts
FN:27,OlusoExceptionFilter
FN:36,(anonymous_2)
FN:58,(anonymous_3)
FN:113,(anonymous_4)
FN:135,(anonymous_5)
FN:166,(anonymous_6)
FNF:6
FNH:4
FNDA:3,OlusoExceptionFilter
FNDA:3,(anonymous_2)
FNDA:2,(anonymous_3)
FNDA:1,(anonymous_4)
FNDA:0,(anonymous_5)
FNDA:0,(anonymous_6)
DA:1,3
DA:27,3
DA:30,3
DA:31,3
DA:33,3
DA:35,3
DA:37,3
DA:40,3
DA:42,2
DA:43,2
DA:45,1
DA:46,0
DA:48,0
DA:49,0
DA:51,0
DA:59,2
DA:60,2
DA:61,2
DA:64,2
DA:68,2
DA:73,2
DA:74,2
DA:75,1
DA:76,1
DA:77,1
DA:80,2
DA:83,2
DA:95,2
DA:98,2
DA:107,2
DA:114,1
DA:118,1
DA:120,1
DA:126,1
DA:129,1
DA:136,0
DA:137,0
DA:139,0
DA:143,0
DA:145,0
DA:154,0
DA:157,0
DA:167,0
DA:171,0
DA:173,0
DA:179,0
DA:183,3
DA:187,3
LF:48
LH:33
BRDA:40,0,0,2
BRDA:40,0,1,1
BRDA:40,0,2,0
BRDA:40,0,3,0
BRDA:64,1,0,1
BRDA:64,1,1,1
BRDA:66,2,0,1
BRDA:66,2,1,1
BRDA:66,2,2,1
BRDA:66,3,0,0
BRDA:66,3,1,1
BRDA:66,4,0,1
BRDA:66,4,1,1
BRDA:66,5,0,0
BRDA:66,5,1,1
BRDA:66,6,0,1
BRDA:66,6,1,1
BRDA:68,7,0,2
BRDA:68,7,1,0
BRDA:74,8,0,1
BRDA:74,8,1,1
BRDA:76,9,0,1
BRDA:102,10,0,1
BRDA:102,10,1,1
BRDA:104,11,0,1
BRDA:104,11,1,0
BRDA:104,12,0,0
BRDA:104,12,1,1
BRDA:104,13,0,1
BRDA:104,13,1,1
BRDA:114,14,0,1
BRDA:114,14,1,0
BRDA:139,15,0,0
BRDA:139,15,1,0
BRDA:150,16,0,0
BRDA:150,16,1,0
BRDA:150,17,0,0
BRDA:150,17,1,0
BRDA:167,18,0,0
BRDA:167,18,1,0
BRF:40
BRH:24
end_of_record
TN:
SF:src/utils/context.ts
FN:15,(anonymous_0)
FN:23,(anonymous_1)
FN:34,(anonymous_2)
FN:54,(anonymous_3)
FN:63,(anonymous_4)
FN:72,(anonymous_5)
FN:81,(anonymous_6)
FN:89,(anonymous_7)
FN:97,(anonymous_8)
FN:105,(anonymous_9)
FN:113,(anonymous_10)
FN:127,(anonymous_11)
FNF:12
FNH:6
FNDA:11,(anonymous_0)
FNDA:3,(anonymous_1)
FNDA:7,(anonymous_2)
FNDA:0,(anonymous_3)
FNDA:0,(anonymous_4)
FNDA:2,(anonymous_5)
FNDA:4,(anonymous_6)
FNDA:0,(anonymous_7)
FNDA:0,(anonymous_8)
FNDA:0,(anonymous_9)
FNDA:10,(anonymous_10)
FNDA:0,(anonymous_11)
DA:1,3
DA:16,11
DA:17,11
DA:24,3
DA:28,3
DA:35,7
DA:36,7
DA:38,3
DA:43,3
DA:46,3
DA:47,0
DA:55,0
DA:56,0
DA:57,0
DA:64,0
DA:65,0
DA:66,0
DA:73,2
DA:74,2
DA:75,2
DA:82,4
DA:83,4
DA:90,0
DA:91,0
DA:98,0
DA:99,0
DA:106,0
DA:107,0
DA:114,10
DA:115,10
DA:117,1
DA:128,0
DA:129,0
DA:131,0
DA:132,0
DA:133,0
DA:134,0
DA:138,3
LF:38
LH:19
BRDA:15,0,0,0
BRDA:36,1,0,4
BRDA:46,2,0,0
BRDA:56,3,0,0
BRDA:65,4,0,0
BRDA:74,5,0,0
BRDA:83,6,0,4
BRDA:83,6,1,0
BRDA:83,7,0,4
BRDA:83,7,1,4
BRDA:91,8,0,0
BRDA:91,8,1,0
BRDA:91,9,0,0
BRDA:91,9,1,0
BRDA:91,10,0,0
BRDA:91,10,1,0
BRDA:99,11,0,0
BRDA:99,11,1,0
BRDA:99,12,0,0
BRDA:99,12,1,0
BRDA:107,13,0,0
BRDA:107,13,1,0
BRDA:107,14,0,0
BRDA:107,14,1,0
BRDA:107,15,0,0
BRDA:107,15,1,0
BRDA:115,16,0,9
BRDA:129,17,0,0
BRF:28
BRH:5
end_of_record
TN:
SF:src/utils/fingerprint.ts
FN:7,generateFingerprint
FN:44,normalizeErrorMessage
FN:62,extractStackSignature
FN:65,(anonymous_3)
FN:80,normalizeUrl
FNF:5
FNH:5
FNDA:10,generateFingerprint
FNDA:10,normalizeErrorMessage
FNDA:10,extractStackSignature
FNDA:46,(anonymous_3)
FNDA:4,normalizeUrl
DA:1,3
DA:7,3
DA:11,10
DA:14,10
DA:17,10
DA:18,10
DA:21,10
DA:22,10
DA:23,10
DA:27,10
DA:28,4
DA:29,4
DA:33,10
DA:38,10
DA:45,10
DA:63,10
DA:65,10
DA:67,46
DA:68,46
DA:69,45
DA:71,1
DA:74,10
DA:81,4
DA:92,3
LF:24
LH:24
BRDA:21,0,0,10
BRDA:27,1,0,4
BRDA:27,2,0,6
BRDA:27,2,1,4
BRDA:27,3,0,10
BRDA:27,3,1,10
BRDA:27,4,0,0
BRDA:27,4,1,10
BRDA:27,5,0,10
BRDA:27,5,1,10
BRDA:68,6,0,45
BRDA:68,7,0,46
BRDA:68,7,1,46
BRF:13
BRH:12
end_of_record
TN:
SF:src/utils/https.ts
FN:11,sendErrorReport
FN:16,(anonymous_1)
FN:36,(anonymous_2)
FN:39,(anonymous_3)
FN:43,(anonymous_4)
FN:54,(anonymous_5)
FN:59,(anonymous_6)
FNF:7
FNH:0
FNDA:0,sendErrorReport
FNDA:0,(anonymous_1)
FNDA:0,(anonymous_2)
FNDA:0,(anonymous_3)
FNDA:0,(anonymous_4)
FNDA:0,(anonymous_5)
FNDA:0,(anonymous_6)
DA:1,3
DA:2,3
DA:3,3
DA:11,3
DA:16,0
DA:17,0
DA:18,0
DA:19,0
DA:21,0
DA:34,0
DA:36,0
DA:37,0
DA:39,0
DA:40,0
DA:43,0
DA:44,0
DA:45,0
DA:46,0
DA:48,0
DA:49,0
DA:54,0
DA:55,0
DA:56,0
DA:59,0
DA:60,0
DA:61,0
DA:62,0
DA:65,0
DA:66,0
DA:68,0
DA:69,0
LF:31
LH:4
BRDA:24,0,0,0
BRDA:24,0,1,0
BRDA:24,1,0,0
BRDA:24,1,1,0
BRDA:31,2,0,0
BRDA:31,2,1,0
BRDA:34,3,0,0
BRDA:34,3,1,0
BRDA:44,4,0,0
BRDA:44,4,1,0
BRDA:44,5,0,0
BRDA:44,5,1,0
BRDA:44,5,2,0
BRF:13
BRH:0
end_of_record
TN:
SF:src/utils/queue.ts
FN:17,(anonymous_0)
FN:37,(anonymous_1)
FN:57,(anonymous_2)
FN:64,(anonymous_3)
FN:71,(anonymous_4)
FN:84,(anonymous_5)
FN:91,(anonymous_6)
FN:98,(anonymous_7)
FN:106,(anonymous_8)
FN:114,(anonymous_9)
FN:125,(anonymous_10)
FN:140,(anonymous_11)
FNF:12
FNH:11
FNDA:19,(anonymous_0)
FNDA:10,(anonymous_1)
FNDA:5,(anonymous_2)
FNDA:6,(anonymous_3)
FNDA:2,(anonymous_4)
FNDA:5,(anonymous_5)
FNDA:20,(anonymous_6)
FNDA:0,(anonymous_7)
FNDA:19,(anonymous_8)
FNDA:1,(anonymous_9)
FNDA:13,(anonymous_10)
FNDA:2,(anonymous_11)
DA:1,4
DA:2,4
DA:11,4
DA:12,19
DA:15,19
DA:18,19
DA:21,19
DA:22,19
DA:23,0
DA:24,0
DA:30,19
DA:31,19
DA:38,10
DA:44,10
DA:47,10
DA:48,1
DA:51,10
DA:58,5
DA:65,6
DA:72,2
DA:75,2
DA:76,1
DA:77,1
DA:85,5
DA:92,20
DA:99,0
DA:100,0
DA:107,19
DA:108,19
DA:109,1
DA:110,1
DA:113,1
DA:114,1
DA:118,0
DA:126,13
DA:127,13
DA:143,2
DA:144,0
DA:147,2
DA:149,2
DA:150,2
DA:151,3
DA:152,3
DA:154,3
DA:155,3
DA:156,2
DA:157,2
DA:160,1
DA:161,1
DA:162,1
DA:164,1
DA:168,2
DA:173,4
LF:53
LH:47
BRDA:17,0,0,0
BRDA:21,1,0,19
BRDA:21,1,1,11
BRDA:22,2,0,0
BRDA:47,3,0,1
BRDA:75,4,0,1
BRDA:108,5,0,1
BRDA:143,6,0,0
BRDA:143,7,0,2
BRDA:143,7,1,2
BRDA:152,8,0,0
BRDA:161,9,0,1
BRF:12
BRH:8
end_of_record
TN:
SF:src/utils/sanitizer.ts
FN:35,(anonymous_0)
FN:38,(anonymous_1)
FN:45,(anonymous_2)
FN:46,(anonymous_3)
FN:52,(anonymous_4)
FN:64,(anonymous_5)
FN:86,(anonymous_6)
FN:124,(anonymous_7)
FN:148,(anonymous_8)
FN:155,(anonymous_9)
FN:162,(anonymous_10)
FNF:11
FNH:6
FNDA:11,(anonymous_0)
FNDA:286,(anonymous_1)
FNDA:0,(anonymous_2)
FNDA:0,(anonymous_3)
FNDA:2,(anonymous_4)
FNDA:2,(anonymous_5)
FNDA:0,(anonymous_6)
FNDA:4,(anonymous_7)
FNDA:0,(anonymous_8)
FNDA:2,(anonymous_9)
FNDA:0,(anonymous_10)
DA:1,3
DA:30,3
DA:32,3
DA:36,11
DA:37,11
DA:38,286
DA:46,0
DA:53,2
DA:54,0
DA:57,2
DA:58,0
DA:62,2
DA:64,2
DA:65,2
DA:66,0
DA:69,2
DA:70,0
DA:74,2
DA:75,0
DA:79,2
DA:80,0
DA:82,2
DA:85,2
DA:86,0
DA:90,2
DA:91,0
DA:95,2
DA:96,0
DA:104,2
DA:105,2
DA:106,0
DA:107,0
DA:108,0
DA:110,0
DA:115,2
DA:118,2
DA:125,4
DA:127,4
DA:128,0
DA:129,0
DA:132,0
DA:133,0
DA:134,0
DA:135,0
DA:137,0
DA:142,4
DA:149,0
DA:156,2
DA:163,0
DA:164,0
DA:166,0
DA:170,3
LF:52
LH:27
BRDA:35,0,0,11
BRDA:52,1,0,2
BRDA:53,2,0,0
BRDA:57,3,0,0
BRDA:57,4,0,2
BRDA:57,4,1,2
BRDA:65,5,0,0
BRDA:69,6,0,0
BRDA:69,7,0,2
BRDA:69,7,1,2
BRDA:74,8,0,0
BRDA:79,9,0,0
BRDA:85,10,0,0
BRDA:90,11,0,0
BRDA:95,12,0,0
BRDA:106,13,0,0
BRDA:107,14,0,0
BRDA:107,14,1,0
BRDA:128,15,0,0
BRDA:132,16,0,0
BRDA:132,16,1,0
BRDA:132,17,0,0
BRDA:132,17,1,0
BRDA:134,18,0,0
BRDA:134,18,1,0
BRDA:162,19,0,0
BRDA:163,20,0,0
BRF:27
BRH:6
end_of_record
TN:
SF:src/utils/server.ts
FN:7,getServerContext
FN:30,(anonymous_1)
FN:37,(anonymous_2)
FN:42,(anonymous_3)
FN:56,(anonymous_4)
FN:59,(anonymous_5)
FN:66,(anonymous_6)
FNF:7
FNH:7
FNDA:11,getServerContext
FNDA:15,(anonymous_1)
FNDA:22,(anonymous_2)
FNDA:10,(anonymous_3)
FNDA:2,(anonymous_4)
FNDA:5,(anonymous_5)
FNDA:1,(anonymous_6)
DA:1,4
DA:7,4
DA:8,11
DA:10,11
DA:26,4
DA:27,15
DA:31,15
DA:38,22
DA:39,22
DA:42,22
DA:45,22
DA:46,19
DA:47,19
DA:50,3
DA:57,2
DA:58,2
DA:59,5
DA:60,2
DA:67,1
DA:71,4
LF:20
LH:20
BRDA:30,0,0,0
BRDA:45,1,0,19
BRF:2
BRH:1
end_of_record
